403
0
7
0
0
0
779
1
0
1
672
0
1
1777
0
1329
0
0
1
0
0
729
0
0
527
1219
1
1
700
0
851
1
0
0
0
215
596
1309
0
0
31
123
0
2
369
0
0
0
0
1309
0
1592
324
889
537
2
1
1189
1
1411
960
2188
0
0
6
1486
183
2611
0
298
1
0
0
1064
1449
894
1
97
4
2424
1
0
0
0
369
0
213
0
0
123
0
1
3
403
1
29
1449
0
0
968
0
0
501
816
0
989
0
1069
0
1258
369
851
0
1190
0
0
403
2715
0
754
61
0
0
0
889
2
0
0
1
557
0
192
2
0
0
0
5
2
537
0
1
0
5
700
1
0
0
0
0
2047
1037
0
0
0
0
1
1
1
0
323
537
0
0
282
1226
3
413
3
757
1380
337
1158
0
0
291
0
1868
1
820
2
1
1422
1256
1
1
0
1813
0
1478
1
1334
0
1309
213
0
0
1883
1571
0
0
1478
1195
1
0
0
0
1
1158
0
0
1189
332
0
0
0
1478
2249
6
5
0
700
0
0
0
0
0
0
2466
0
1478
256
29
0
2012
557
0
0
742
779
0
963
2
0
1
0
213
31
1
2557
306
67
1073
1309
135
0
0
312
0
0
0
0
2356
0
2
1
2
0
1
1190
0
0
30
0
990
1
2424
1987
2309
1
1
93
0
0
0
1516
2
108
255
2244
1229
73
851
227
4
0
1666
0
0
0
557
0
0
2055
419
7
0
1070
557
0
0
1
0
2
135
1433
0
1
369
0
0
1
2309
3
1
0
920
0
1
1524
135
5
145
757
1210
1119
2261
0
0
3
2532
1434
0
0
1
0
123
29
0
820
1850
1
2
1
1
2327
0
0
0
1
0
700
715
1782
1150
1
1571
0
2355
0
1309
735
1749
889
1195
0
1925
1571
0
863
1
1824
0
1987
0
1
1205
619
566
1186
236
1
1545
1
0
2544
403
30
4
0
0
1449
1
889
1
5
830
422
227
93
1
0
1150
1281
2
0
6
1749
0
1
2207
1080
403
0
1058
419
0
2
0
1
563
779
369
1358
0
403
0
0
0
1114
0
282
0
0
557
795
0
0
963
0
2138
0
0
0
0
255
199
0
0
0
0
0
0
0
1827
862
0
1503
0
2
3
1221
199
0
484
889
1
0
2391
960
2
0
0
0
1
123
1
1791
2562
1058
0
2
0
1203
0
1880
0
1
1309
0
369
2
1
1606
0
834
0
0
0
192
237
0
0
0
0
0
0
3
1
592
1
843
0
754
0
1970
2168
236
297
0
0
2
2520
0
937
1
0
0
1749
0
0
0
1037
0
0
2207
0
0
619
1836
0
0
2294
242
0
0
0
0
3
1037
0
779
0
1037
1
1041
2531
0
2133
29
0
0
784
2
0
1749
369
700
195
3
1636
779
0
0
1
0
0
1
501
0
369
0
0
0
0
0
1571
0
0
639
581
1
1422
1
1
0
0
0
0
1
0
282
0
537
0
700
2309
48
0
537
0
0
1
0
1
2009
661
2309
1
557
0
0
1925
1
0
3
677
1
1
1704
889
2101
0
1
3
0
2
2133
0
707
0
484
3
1041
1
2
0
0
860
3
1150
0
1
427
2450
834
0
0
108
1
0
213
0
31
323
0
0
227
0
29
0
0
557
1
1925
0
437
779
1186
1062
0
0
437
1634
2
0
3
0
0
526
735
2152
0
2501
0
0
507
889
0
860
0
0
1
5
108
145
0
1
0
0
2368
1
0
0
1195
0
851
0
312
3
0
0
1719
328
0
2380
1058
1433
2
0
0
1813
1
1037
2
93
960
230
123
1039
557
1005
1037
779
0
0
0
0
29
1
1749
0
0
0
459
0
0
2
0
453
2
2009
2024
0
192
369
1
1
0
0
557
1
1
1
1931
840
860
2036
1
1
0
0
929
0
0
0
2047
0
929
0
0
1
0
282
0
2
0
1646
2253
1
2265
1309
369
1114
929
724
0
831
779
1667
1122
453
0
1
0
1
0
213
0
860
0
1041
0
0
0
1
4
0
0
228
5
3
1698
0
1
243
1058
0
192
2560
736
3
0
1
1571
619
568
0
1
0
1880
0
1
1037
0
5
0
0
619
0
0
606
0
1
1621
0
0
1606
227
0
369
929
1
1838
0
1465
0
123
5
1
0
1
1
2
0
1255
0
557
0
0
438
1
804
0
1
413
833
980
0
2036
0
779
0
0
1
0
557
2400
0
672
989
1
2294
0
1037
0
1956
1
290
0
0
639
0
960
606
1
70
0
1
0
302
1
0
1
1397
1150
0
0
1037
980
1037
0
779
2141
1925
1807
2
1
2092
403
1478
2
0
0
0
2294
1397
0
0
2448
0
0
2
0
168
183
0
282
1151
0
1855
0
0
1
0
282
0
282
1552
2
947
1975
0
0
3
2569
434
1335
947
1255
484
592
282
1836
108
1
0
0
639
0
0
1762
2
3
1453
1
0
1
0
0
0
403
0
484
2437
0
1
1
0
484
889
1
0
1
2729
1423
0
319
0
1
75
2
0
0
7
2260
0
465
1
0
947
2055
0
1
419
0
0
0
0
460
327
1150
1058
1
2
889
369
0
1606
1037
1
643
1037
1464
0
0
29
0
0
2943
1542
1
735
1422
0
931
1807
0
1
0
622
1037
0
929
519
0
0
0
991
0
592
619
1
0
0
227
0
227
0
403
0
0
369
0
0
0
213
1241
0
315
1
0
889
0
2326
1791
0
657
453
29
0
403
1201
0
1195
0
0
29
0
1
192
0
2009
0
0
1
1080
929
979
2
2056
0
1576
70
0
485
0
93
519
1114
639
1642
2
701
1422
0
484
0
183
1
282
0
1698
1606
0
0
0
0
0
1404
1
151
1150
0
1750
0
716
1626
1219
1159
1
0
1
0
754
0
0
0
1538
2072
484
1227
1
0
2
1
2073
0
4
0
0
0
0
0
0
337
0
0
214
700
29
501
0
1634
1796
920
0
2400
519
2
31
1
1
1449
0
1880
2152
0
299
804
0
2207
557
1963
0
0
0
1
282
0
403
0
3
136
1
1
403
0
230
0
0
0
1450
0
1
1
1
0
1
0
0
282
1219
1
0
677
0
1
0
0
1195
492
1478
0
369
1
0
183
0
1506
0
2361
1
1970
0
1
1449
0
0
1552
0
816
1116
0
1807
1
3
213
0
93
2355
0
979
537
1
0
337
1592
1
0
947
1552
1
1309
1576
0
0
2168
804
1837
1894
834
960
0
0
0
1
0
2188
0
1719
2
0
2
2591
0
754
135
700
1150
0
0
0
0
5
484
2870
0
315
2077
192
1062
0
1592
1
0
2503
0
61
0
1
1
1268
434
0
1186
1
2
50
2168
456
0
282
920
0
2747
0
1524
484
0
0
0
403
0
0
7
0
31
245
1797
1083
1
1
1
2355
1
0
0
0
0
0
0
0
0
0
282
5
1114
1
779
2294
1621
2669
282
135
1
0
5
1925
1005
0
290
302
1114
1542
3
754
0
2
967
1762
1970
0
70
0
1479
1925
1
1449
1
1
2207
282
1
779
1
3
0
0
0
0
0
796
1433
1
754
2519
1
537
1
1820
0
1698
0
1037
929
31
1
2562
0
0
419
77
1283
1150
619
0
0
937
519
319
0
2519
1572
0
2
0
0
1
2
0
0
0
1642
830
0
830
519
1
0
701
0
0
1
123
0
606
5
0
0
947
1195
0
0
0
1
0
0
1397
0
1282
2188
192
0
0
3
2055
137
1762
337
0
0
2
1037
1606
1
0
491
434
1
0
2956
2
0
0
960
1
0
980
67
282
0
0
0
319
2
0
0
639
0
0
779
0
0
1749
1
0
0
3
1186
0
1
0
0
2056
2
0
0
860
0
3
145
2133
0
1
2
0
369
0
2
1956
0
1
57
0
989
0
1150
1
1
108
0
0
0
1820
895
0
323
0
1
0
5
0
889
0
0
0
1592
1
1
2009
0
2
0
0
0
0
816
93
1058
3
1
1
1114
1749
1
0
2356
1464
0
779
0
1880
1
0
1
0
1
0
215
1975
0
0
779
639
851
4
31
0
1422
0
0
657
1
0
491
0
795
700
1
0
606
0
0
1
0
458
1925
0
0
1606
1698
1
2611
0
1698
1
0
1749
0
183
0
0
1
0
3
0
0
305
1
0
434
830
1
0
700
754
0
1150
123
2590
2853
1
93
0
0
933
947
108
0
831
0
0
804
369
285
403
0
0
0
1
1884
0
1
0
0
1592
1
4
0
1970
1
0
0
1
0
403
0
0
0
0
0
700
0
48
1513
1538
1453
566
1855
4
2309
899
537
1309
0
1150
0
0
0
484
0
0
48
818
0
1
484
1335
1
0
330
1606
1543
0
1158
0
0
0
1
606
199
0
971
0
0
2
1
0
1064
1
2693
2733
779
1066
573
1
0
403
0
0
0
0
1058
526
213
0
93
0
1
237
0
0
0
0
0
145
1
0
700
795
3
2
1397
1880
0
1508
804
0
643
1255
0
0
0
700
1
403
1981
1
0
1
60
2621
1970
0
0
0
0
0
1263
0
1
227
403
0
0
1
1543
1058
0
0
2188
0
0
164
1
1235
0
0
0
639
894
2466
0
0
0
1
0
183
1632
1309
0
0
1037
0
1720
0
0
1275
1219
0
1
1309
0
1813
164
593
0
0
0
0
2
0
0
0
0
0
2458
3
1358
199
1881
592
0
0
2247
0
0
0
0
230
4
1186
1627
282
1975
0
1
0
0
1
0
1321
1770
3
6
0
227
1081
0
0
1698
1080
0
606
0
369
0
1
183
1763
1894
1
0
700
0
1
1
244
0
403
1058
2675
290
779
2
1
2355
1882
0
989
0
0
0
0
929
557
0
1
0
0
2188
0
1516
816
1
1449
2
0
0
1762
2
0
29
0
606
1
929
3
192
0
1
736
1211
284
0
935
0
183
834
0
293
0
0
1868
1309
0
836
592
0
242
0
2448
863
0
0
0
413
2294
1820
1058
0
1
145
0
2101
0
1845
1422
1226
403
1084
0
563
0
1
135
1122
1894
0
0
0
0
1
0
0
0
2
0
2
419
0
0
5
2
0
0
889
0
0
818
0
213
1626
1309
909
0
2715
0
57
1186
1880
0
795
2400
2009
0
929
453
0
0
1956
0
960
0
2299
0
183
1935
0
2
3
2403
0
624
2
0
0
909
1
2622
0
735
2437
2
312
0
0
0
48
0
702
0
0
0
437
1329
0
0
1478
1
1
0
0
754
0
0
2309
0
0
0
108
1
0
0
484
1397
0
2355
453
1449
0
1
1
2286
491
1
1571
0
1
0
0
1
1
929
1219
282
93
1277
1
1321
0
0
0
1975
0
7
6
2424
192
0
0
0
0
1
0
255
607
0
1433
1186
5
0
0
0
0
403
2093
491
0
0
227
0
0
3
0
0
0
2424
3
0
3
0
437
0
0
1123
0
1666
639
123
1975
2036
0
1080
0
700
1642
0
860
1698
0
1770
0
0
2009
1041
0
0
484
1
1
0
0
0
831
453
0
1984
0
1
1433
1270
0
0
1
0
1422
0
0
0
0
0
0
1
1114
1150
0
1719
1928
1779
0
216
639
537
795
843
0
1186
1525
453
1335
0
666
0
31
0
0
0
0
0
0
721
1925
4
1516
899
1
0
1
1606
2011
0
233
2072
1256
0
1309
0
0
0
557
0
1
0
1621
0
3
0
1
0
0
0
3
0
804
519
1
1908
1
661
0
795
282
2
0
0
282
1
0
700
0
0
0
420
0
0
1457
1
0
164
0
0
93
1
0
1
0
2299
1321
1083
0
0
7
0
1114
0
0
2133
0
1195
1543
831
3
0
0
0
1813
1255
2171
2557
501
453
0
971
1542
1925
1
192
1201
538
0
0
1335
3
1
403
123
2
1309
0
0
0
1
0
0
227
3
1
0
0
0
1
2244
0
0
2
796
933
0
0
0
1174
0
1464
0
0
1
0
0
948
1380
1037
2188
136
0
0
290
1
1
1069
1037
592
889
403
1368
707
0
700
0
2404
625
0
1
0
0
971
227
0
123
0
0
700
1762
1791
1186
0
0
1272
2691
1
328
0
2
0
1
0
1749
0
779
2355
1
1
3
0
0
1
861
413
1037
1626
1
1
0
592
0
1005
740
1
2
0
592
1488
1449
0
0
1
0
0
1
434
0
2
0
369
0
1356
4
93
93
0
337
2
2
0
1
135
1397
2331
657
2448
0
0
0
1195
0
2261
754
565
0
0
0
0
1894
1
1
0
2
1069
3
437
0
0
0
403
0
0
0
1
0
340
1150
1114
1114
0
2
0
0
227
0
0
0
662
0
0
0
1190
1632
2
519
1255
0
0
0
0
0
0
592
1
213
413
5
836
0
0
1
0
707
0
1186
0
0
0
0
1895
0
0
2368
3
338
1263
0
639
0
0
0
1704
1813
1
3
0
2
0
1
1525
3
0
1
0
0
0
1698
1762
0
434
0
3
0
0
1
1478
0
0
0
413
1
0
622
0
1
0
108
1
0
674
369
0
1236
1
1975
0
1
627
1
227
1926
0
0
0
1838
1646
3
0
1037
0
0
1
737
1
0
0
327
1622
183
1
2741
1039
123
735
0
0
312
2
1433
1
0
1
639
557
701
484
0
779
0
0
0
1813
2575
1
0
0
2263
0
2402
0
0
3
1621
0
172
214
29
0
164
1411
1956
592
2729
1
1859
0
0
1503
1
282
315
1277
619
491
894
0
1984
2
0
716
1
213
3
0
830
0
0
979
2
227
2
2644
537
0
1
0
2
700
935
0
593
1
0
0
7
0
0
1592
3
851
0
1
1894
0
537
1538
1158
0
0
1820
369
1777
1
0
672
563
29
0
1
2483
1
0
282
1518
0
0
0
1
1
1366
297
0
0
0
1698
1
0
48
1
419
1039
3
0
1543
61
851
0
0
0
242
1
795
1
1188
0
0
2
0
282
0
1
1
369
0
0
312
0
754
2244
147
0
1
0
0
284
0
0
1807
1592
0
0
1
0
0
2077
0
0
557
1309
0
1646
0
0
2675
48
1
1
1041
700
1453
151
0
0
1487
1749
0
960
619
93
0
108
0
1
929
0
1
1
2015
48
1
0
1
920
227
2247
369
1114
369
0
233
227
1
0
804
0
0
725
291
0
369
0
1621
0
0
0
0
863
1956
73
0
701
661
715
0
0
1542
0
0
0
501
0
0
282
1
2297
0
1087
3
2564
3
1
0
0
0
0
0
0
1698
369
1
1
0
0
427
0
947
0
2
3
1
1195
2
1749
0
0
1
1850
1
1
1970
1749
503
0
1807
0
3
0
0
1
403
2
0
2072
1538
1
0
0
285
0
1
1592
1
0
0
57
989
1464
1649
0
1925
0
2225
851
2
0
1
2152
0
0
4
0
1881
0
227
403
1
403
0
0
2
0
29
1956
48
619
1622
2231
0
0
0
2403
52
2168
0
3
754
0
183
369
0
0
3
0
0
2055
1749
1571
0
0
0
0
0
0
0
2
0
1255
619
1836
501
5
0
1
3
1
2528
0
1956
0
0
754
3
0
4
0
0
1807
1
0
1
1
989
282
0
2
2
2750
2
369
1
484
0
0
818
0
283
0
1150
1
1
0
1
889
3
1037
0
0
0
0
1
0
0
1
0
1
0
0
2622
0
0
0
1
0
0
0
0
0
369
0
804
4
0
889
0
1
0
920
0
1
866
0
1123
1
0
0
1
0
93
0
0
0
0
0
151
1
648
0
0
0
0
5
1449
0
0
1
1
0
0
0
4
1
1
2
0
1422
0
466
1
61
2
1
0
646
2392
920
0
1
0
0
0
315
0
0
2
1
69
0
1346
0
52
0
0
0
151
1827
1464
1039
227
48
0
0
233
4
0
754
1987
1
3
0
1346
2101
0
0
0
0
2424
0
1486
1479
438
1399
1255
0
7
1
0
1
2110
979
0
0
1064
1
369
0
2
0
2009
403
1
5
0
0
1925
183
0
0
0
1158
2244
0
168
0
2104
0
0
0
2063
1513
168
29
1422
1777
0
0
1
369
0
1399
1309
48
1592
459
0
2
237
0
1970
4
0
282
227
183
1329
61
0
1268
337
0
255
0
0
0
0
1
0
1
0
1
2233
0
453
0
1
0
0
1274
0
1229
2403
2152
233
1
0
722
0
0
1
1272
0
0
0
3
1321
0
151
1
2261
4
97
3
164
0
484
1235
889
1925
2
123
1956
1963
0
0
434
1792
0
677
2
1
1114
754
2244
706
0
1
989
1397
0
1
3
0
0
0
0
403
29
0
29
1
0
0
1
332
1
1
742
1
1384
0
1
0
3
434
0
484
0
330
0
3
0
0
94
0
0
672
4
257
0
1
2715
2137
1399
0
0
2248
0
0
0
592
0
2253
1544
305
0
0
0
1
1
1639
700
1058
0
312
0
0
1039
0
700
1894
1859
0
7
840
0
0
2
323
233
754
152
0
183
860
1666
0
1186
0
3
3
0
0
0
0
0
0
2503
0
0
563
503
0
0
0
369
1646
700
1229
0
0
1
1
1956
1
0
0
754
369
0
1114
0
0
0
1
557
491
0
1268
0
434
1538
2156
1
0
0
0
2142
3
0
0
1511
1822
0
0
581
1
0
0
889
1
1
1
626
1039
0
1749
1
1956
0
0
0
1397
0
404
795
0
1321
0
0
0
1
0
192
0
0
1478
0
0
369
1
0
1
795
0
816
3
0
0
0
0
1037
564
31
2355
0
0
0
1
1255
0
0
0
0
123
0
453
4
795
1
0
0
2
0
1150
1
2152
1
1058
1868
227
1
0
0
1
1186
0
183
909
1
0
2551
0
0
1
2009
1150
0
1
1
0
0
0
0
283
593
137
0
4
0
0
0
147
0
60
0
1058
3
3
1621
0
194
108
1
0
0
0
0
0
0
0
332
0
3
1
920
0
1158
0
4
0
282
29
929
0
0
0
909
0
199
213
1150
0
465
0
0
606
0
0
1762
0
227
889
1
537
0
0
1749
0
1309
2
1
0
4
1
2286
0
0
1762
0
1478
0
0
0
0
0
1
0
0
0
0
1321
227
0
0
0
0
0
453
146
403
2457
183
0
0
0
2330
0
1
0
2
1
0
0
0
1
70
1434
0
0
1503
1241
1976
0
1226
94
456
453
0
0
2
484
1478
837
0
164
1255
1186
2355
661
501
0
1
0
700
29
0
965
1
0
1
1159
701
0
2611
1
437
1114
592
0
312
1
369
0
1
183
1433
403
340
0
619
0
0
0
1058
0
1037
0
94
2092
1041
833
1119
929
0
0
715
1449
1117
0
1114
2392
1749
0
1255
0
0
0
2378
1
0
960
2590
484
0
519
0
0
0
0
199
1698
0
2
1151
2808
0
1114
2286
323
0
1
0
0
967
1
1087
2
1
0
0
0
0
0
1
213
3
1114
1321
568
1975
0
0
0
754
0
889
0
1
0
403
0
1037
1
701
929
1925
1478
0
0
1
1
1226
1
323
0
1778
0
0
1
1114
2355
526
3
2309
0
2009
93
1
866
1411
989
213
0
1
889
0
1334
0
1478
557
2557
0
0
1621
1350
307
721
3
1
0
0
1
0
0
0
1719
1
754
0
0
1478
0
0
57
29
1621
0
889
0
1571
0
453
4
1524
0
0
1
0
1880
639
889
1777
213
0
0
0
491
0
2009
2
2404
0
168
3
0
0
0
164
2
568
0
0
1666
1
754
1
1
1749
1005
2092
851
1150
2247
537
0
2137
1350
1037
566
0
0
1058
0
1277
403
1
0
0
1862
0
0
1
1698
93
557
1
0
567
31
0
851
0
0
851
806
1
1037
1632
1
1884
1
1762
0
2
1
0
920
979
1
1449
2036
0
2
0
0
1
0
1
0
2
1
0
0
2483
164
369
622
0
0
369
0
0
0
557
123
0
0
0
1775
0
0
1
6
0
1
2073
337
0
1210
0
1226
0
715
0
0
0
1956
895
0
0
989
0
0
255
0
1621
1
0
1824
0
989
1621
123
860
0
1
0
820
0
2133
369
1
0
52
0
0
1
0
0
1186
0
0
596
0
1
0
0
1634
123
537
0
1820
0
73
784
123
1186
715
403
0
1309
0
403
929
757
1267
0
0
0
606
2
1
1
1255
228
0
0
2459
1984
3
2
2617
920
1356
537
1
29
0
895
434
369
1621
0
0
0
1464
0
1826
31
860
0
0
0
1
1704
2
0
2188
1277
1
581
889
779
1037
0
0
0
0
947
0
0
0
1069
557
282
7
453
1
0
527
0
0
1478
0
0
1270
0
282
0
1
491
2112
2
3
1
1
1926
0
484
557
3
1719
0
4
1
0
0
0
0
1621
0
2
0
0
0
0
1545
0
137
0
2945
282
0
0
0
0
0
1
57
1
1
0
29
592
1064
75
369
1186
1625
0
0
0
1
0
48
1
0
0
0
701
0
2231
0
1807
1201
1
4
0
0
0
3
3
48
0
2009
2
4
990
851
0
0
0
192
0
369
0
0
0
0
1880
403
666
0
1956
2
1
2466
0
1503
0
0
1
1925
700
0
804
557
1
2
1
0
0
1521
97
0
1356
1188
0
1
484
0
93
0
2817
0
284
2
1518
1838
1931
0
0
0
700
0
29
1506
369
0
3
0
1
0
0
1606
0
2326
1
1
1309
779
403
0
0
0
735
1080
1366
0
971
816
2696
3
1186
0
0
0
657
0
2188
1813
453
1
0
1698
1210
0
2024
1836
1
3
0
1464
0
0
0
1
0
0
213
0
2657
300
1083
1433
369
1606
1642
1636
0
0
2309
1
1150
124
759
1925
0
0
0
1397
1606
0
0
1
0
2487
1
1
2168
2
0
0
1749
0
1545
0
1503
2188
0
1935
0
0
0
0
227
0
0
0
1606
1
0
1
0
1058
1
0
0
369
0
0
0
1
2133
1069
0
291
569
1058
0
1464
0
0
1
0
2544
338
0
1698
1
940
0
1749
213
889
1058
0
2173
0
1
1379
183
2294
453
0
0
0
0
0
255
1
1956
52
606
2286
1
0
0
0
0
1114
0
0
2
1720
0
519
1
312
0
537
2
6
0
1
369
213
735
192
3
0
1
0
2
2036
889
0
183
403
0
0
0
7
1771
0
77
1
1080
2448
2264
2232
0
0
419
0
0
1525
606
1538
330
1
0
0
0
323
0
2
1037
0
1749
0
0
216
0
3
666
0
1066
0
48
0
0
0
293
1321
199
164
2611
145
0
0
0
0
0
108
0
2501
1037
0
0
1
1928
0
0
0
0
0
0
0
0
0
0
0
0
0
123
183
0
0
0
0
0
1820
0
93
3
0
619
889
0
1321
1
1
0
1
0
0
369
0
0
851
0
820
29
619
2590
501
0
2
0
403
1037
0
0
889
0
0
1
484
0
0
0
889
0
1883
503
1
0
145
0
0
2
2590
866
0
0
1058
606
0
929
0
257
0
1070
572
736
1
0
0
0
1309
0
0
1356
1925
0
1
0
0
0
48
1258
1
2614
297
0
0
1
700
3
57
0
0
0
1
1
622
0
0
804
1
2
700
491
0
0
1
0
0
0
1762
1114
1
1
1868
0
1479
557
592
0
700
0
484
2
0
2219
715
369
0
1975
0
700
0
557
0
0
0
58
164
0
0
0
0
1
1
2
3
94
606
0
1255
557
899
526
2
0
0
1850
2
1464
0
0
0
1698
312
1
213
0
0
1375
0
1379
2402
889
1433
0
1
1226
0
0
1
3
1925
0
438
2
1
1399
1571
0
0
1
2
0
1
2170
1
816
0
0
1186
0
0
2294
1
403
0
1
0
0
1346
0
0
0
199
124
2133
0
2
3
5
0
2092
1397
3
0
2
933
1449
1
1309
1
123
1150
0
0
145
192
0
0
1925
0
2024
2009
5
0
0
1
0
0
0
1
0
2024
136
0
192
0
1
213
0
1
2295
1150
484
0
0
754
619
145
0
592
0
0
0
2
0
0
0
0
0
227
5
2457
1
48
0
0
971
1037
0
1
592
3
0
2
0
1
1
0
830
0
0
0
1457
1895
1
1
0
1397
0
1
1925
0
1639
1366
2101
0
0
2047
0
1
3
1
1
700
0
1037
403
0
0
0
0
0
183
0
779
0
1836
0
0
491
1
0
0
4
1229
0
0
0
0
3
0
2225
0
1039
1
0
0
0
3
0
0
1638
2
1350
795
939
1
0
2886
619
0
1041
1321
4
136
0
0
0
0
742
0
1937
0
1
2519
0
0
0
0
0
1
0
0
0
434
1
0
0
0
0
0
0
0
0
0
0
403
1186
3
183
1956
1
0
1
1
0
0
0
0
369
643
503
0
0
0
1329
255
0
1465
0
0
1
1606
1150
0
0
1
1
164
1114
0
0
318
369
1698
466
0
1
1777
2093
2142
1114
964
519
0
0
1
701
700
1
2
0
626
1241
1636
1753
0
485
0
4
1
1449
0
0
557
0
1309
1329
1269
754
0
0
213
3
0
804
1
0
0
0
1150
0
0
0
889
0
861
816
1
369
2171
1
2024
0
93
1
702
1404
700
2575
453
1
0
484
48
0
93
1775
403
2077
369
0
0
1507
0
403
2644
574
0
1
0
0
557
606
754
0
2093
1150
3
1796
1524
0
1
1
0
1925
290
0
61
0
192
1
0
729
909
0
0
2294
947
0
830
2
0
93
403
1706
948
1851
1186
1368
48
0
861
0
192
282
2
1037
2
0
0
0
0
0
319
795
1186
2232
2
816
0
0
0
624
2
519
1037
0
0
0
0
700
0
1422
2
0
1186
2590
0
0
0
507
0
700
0
2
1
0
403
754
1
0
1
0
227
1791
0
1356
0
369
0
255
1380
7
619
1
404
0
2232
2763
297
795
0
894
0
0
0
0
725
2466
1
0
0
1698
0
1
1880
0
1517
425
1
0
804
700
1
1062
214
1
0
0
437
466
403
0
0
861
0
4
1
6
0
754
557
721
979
0
0
3
2114
330
0
557
324
192
519
0
2188
993
0
672
0
2
960
227
990
757
0
501
639
0
0
0
0
717
1058
0
236
557
1925
979
1062
0
1
297
0
0
2
0
1
300
1
2
0
413
1
0
0
0
0
0
2572
123
403
1150
1122
0
484
0
0
2152
0
860
0
2715
1719
297
0
0
0
1836
0
0
2526
0
0
0
1058
0
1606
557
2024
0
94
1
484
403
491
851
736
0
1070
1925
1647
1
0
0
1621
0
1
1309
0
192
971
0
804
0
3
0
1
1
1
0
57
1058
2611
1150
648
706
1
403
282
0
2092
661
0
1186
0
0
183
700
1799
315
0
736
1636
1379
237
1241
1039
369
243
2188
672
2808
1433
0
0
0
0
164
0
1480
0
0
715
1925
2
1399
754
0
675
0
1
1
1987
0
0
0
0
1749
0
0
0
0
0
1
0
227
0
0
0
0
2331
1
0
0
0
3
146
592
1159
0
0
2
1791
2047
0
0
0
0
453
0
0
1329
491
2047
0
2055
0
94
989
453
0
0
1572
1005
1255
1698
2
453
413
0
0
1397
0
0
1150
0
1242
0
0
192
0
0
0
0
0
0
0
413
403
0
0
2544
30
0
3
1
920
0
151
0
1925
0
1
0
0
662
700
491
2009
899
2
1
0
1538
369
293
0
282
48
0
0
2207
0
1
419
1538
501
527
325
1
2105
0
0
0
0
214
1
0
0
0
1
0
501
1062
164
2036
1274
0
1791
1
0
1
0
1749
2716
501
0
0
1
1276
0
0
909
1321
0
1404
537
0
0
779
1
1114
0
74
465
0
909
1
4
1
0
804
0
971
0
0
592
754
2483
0
0
557
0
1
282
1749
228
3
1
0
1449
947
2669
0
0
0
48
1
0
0
213
1749
1
1
0
0
1
135
1005
0
0
0
0
2168
0
0
0
830
0
145
2
0
0
0
1542
0
700
0
0
0
2
0
0
1
0
0
1
48
0
0
0
1
0
0
0
74
0
960
282
1592
1827
0
0
0
0
1
1
519
0
700
1749
0
1226
2
1
717
0
1
0
4
0
0
0
0
0
0
1
0
0
507
1309
0
484
0
0
1
1114
0
0
4
2
0
1059
0
3
830
0
1150
2188
1123
0
934
0
0
0
0
0
0
1791
403
960
1
369
1576
29
0
1397
729
1150
1
0
403
1376
0
0
2092
0
453
183
2141
0
2
2
1
1
2156
1
323
0
1
0
1
0
2
146
2
1226
0
0
1
2
979
0
1
0
1
0
0
192
1637
1
0
1434
403
0
1925
0
48
889
2
0
0
0
434
0
2483
3
2642
2
1309
989
0
1
1
0
0
199
706
0
933
1
0
0
0
0
2528
0
1
1
0
1
0
0
2368
2244
2
0
1159
626
0
1
0
1
0
0
2009
563
0
151
0
1
192
0
700
195
1638
0
1719
0
785
1039
0
700
0
960
1820
312
0
0
0
2218
1
0
639
619
1
1058
0
816
0
1114
0
0
1329
257
0
0
1925
0
0
0
1538
459
1762
0
715
491
948
701
519
0
0
4
0
0
661
537
1
2401
1464
0
0
889
255
0
0
990
0
315
979
1
0
1150
0
1366
282
0
0
215
1552
592
0
963
1124
1
369
0
123
0
1309
0
1058
2092
0
0
0
0
889
0
0
2
0
2168
0
0
0
0
0
0
0
1770
0
1
0
0
0
0
619
1150
0
1
1651
1
246
0
0
1150
0
1836
700
0
413
537
1791
1541
1
3
164
947
0
123
2
1508
1506
0
0
419
0
1
831
2
2286
315
0
0
1321
1329
1
0
1283
2
1464
427
0
0
1
851
754
0
0
537
0
0
0
0
0
1449
3
227
0
672
619
937
3
0
0
0
1449
1272
0
0
606
1449
0
1
519
0
2
0
0
1115
816
816
1
3
672
0
0
0
899
0
0
0
0
0
0
0
0
0
3
0
0
0
0
1186
889
228
0
2133
93
0
1346
1
1037
338
31
0
3
0
0
2168
0
742
581
0
1
0
2505
1
0
1791
0
0
0
1397
0
1838
453
1321
894
537
1
0
595
830
0
4
0
1
1005
0
947
0
2
2152
2009
1
0
1422
1321
0
1
1
1880
507
1
592
0
1356
227
0
1851
0
1646
0
0
0
0
1422
757
2715
2
0
501
0
755
1
164
1186
1749
960
1
80
0
1
1683
1
1
2036
0
0
0
0
1
563
0
0
48
1
0
151
135
1258
0
135
1
108
2188
0
0
0
0
1066
3
1358
700
2261
1
2207
3
2744
2
0
1636
1309
1186
1058
0
1
61
1
0
1
557
31
0
754
0
1
1433
1
0
0
1
0
646
0
0
3
0
0
123
123
1
248
0
0
0
123
0
1190
0
0
0
0
0
1397
302
0
108
31
2294
283
0
0
0
465
136
2437
0
0
863
0
0
526
851
0
0
0
183
0
0
0
1
639
0
0
0
0
662
1777
0
889
929
0
213
0
1119
302
563
2378
0
657
330
0
243
0
1195
0
2
1226
6
1374
2168
1
1433
0
0
0
1
0
0
0
0
0
0
0
595
1
0
195
1
0
1226
1
0
93
404
4
0
1925
909
0
1
0
0
0
557
0
1
980
0
0
1
0
3
183
1
627
0
325
1
1
7
0
1
1274
0
0
2
0
123
0
1
0
1606
0
1
1
0
0
0
0
403
93
0
0
0
0
0
1119
1119
434
643
0
1235
0
0
0
2362
1188
0
0
1374
0
757
0
648
0
0
0
1232
0
1749
369
1799
29
0
0
1
1
0
1
338
1
666
0
592
1150
0
0
48
717
319
1
1
0
369
899
434
1
1
1397
0
657
0
1
1
2437
0
1
1158
434
0
0
1186
0
3
0
1
1335
5
1925
1
1698
2261
830
2261
0
0
0
1309
171
639
830
0
1039
607
2
0
2012
3
1269
297
2
0
1080
0
0
0
2
369
557
0
0
2
960
135
754
1750
0
2015
0
1
0
526
1
0
1037
0
0
0
0
1226
434
2355
0
0
302
0
1
606
0
369
0
0
304
0
2368
2286
0
0
403
0
0
0
0
569
557
3
0
403
1813
1122
971
0
1650
0
0
0
1
0
1
0
1543
0
1449
0
0
0
0
725
0
0
1883
806
1037
0
0
48
0
0
2
779
2245
0
0
0
899
1826
0
0
0
0
48
929
168
0
595
164
1
1150
0
0
3
619
1564
2287
0
784
1
0
2
5
1
3
2
700
2
236
369
1
2763
0
1
1058
1
2
0
0
0
0
1123
2133
0
0
639
0
2286
2063
501
0
48
0
1
1
0
3
2
1397
0
0
1
0
0
0
1
823
0
1
1188
1749
1
0
735
0
255
1
947
1
1449
369
980
1
0
369
0
0
537
1516
0
0
0
1
1
821
1058
920
60
1698
0
0
1
0
1449
837
742
569
0
0
1
866
1195
639
0
0
2
0
716
0
1
1
192
754
2
0
0
1538
0
0
466
2
0
2
0
1397
2113
0
2112
0
183
307
0
909
0
0
0
1
1
123
0
700
1
1114
1058
48
0
702
1858
606
453
1
465
0
257
0
989
2168
2658
1037
1698
306
0
282
852
0
1
0
0
889
0
519
315
0
779
1037
3
0
0
230
860
0
1
0
0
0
0
0
657
213
1226
2561
861
1
0
0
1309
1309
1
369
4
315
0
1542
369
3
0
2
0
0
0
0
0
0
237
1277
7
2
0
1
151
0
403
0
1855
1005
1632
0
213
0
213
2
2207
1
0
735
0
0
0
1
657
929
0
2015
413
0
403
183
484
0
735
0
0
1
0
0
0
168
48
2
1329
0
1478
0
1749
2055
1
0
31
1376
0
3
3
0
648
1
595
1571
0
0
0
312
657
1860
2526
4
0
837
0
93
403
1925
889
627
0
606
1037
2365
1
0
0
1
0
0
1058
1
929
979
1838
1
0
1
0
889
0
213
1478
0
940
0
1
420
0
2101
1
136
0
282
1
1
0
565
0
324
2092
1813
2012
1883
213
0
0
1114
0
0
0
526
537
735
312
0
1
1
851
0
298
0
0
501
592
1894
920
0
0
0
0
0
736
1
639
718
1606
1956
0
0
0
323
0
0
0
0
227
0
282
993
0
0
0
0
484
0
0
48
1
1
2024
0
1
1422
0
0
1
2113
0
1186
0
643
1
1
0
674
1
862
852
2
619
0
4
0
0
1
0
0
282
1
1347
0
593
0
282
2093
484
1762
0
657
1158
0
0
1114
0
31
123
1
643
2168
1
0
94
48
0
1361
0
1571
0
0
319
0
0
0
1
0
0
0
1925
0
1
501
0
1
2675
1186
1503
0
2424
1241
0
0
1397
0
0
1606
369
0
3
229
93
183
889
1
1
1
1
889
701
795
2
1975
227
0
1637
0
0
1
565
0
2
1956
0
255
627
1241
0
2110
779
1321
920
1503
183
0
0
256
1269
2
1
963
0
0
929
0
0
0
0
0
889
592
1538
1
2024
283
227
0
0
2047
0
1749
779
3
0
0
1309
2113
1
0
1749
0
657
0
0
0
779
0
30
1
729
0
0
0
1
0
1
194
0
1255
1
626
0
619
700
93
3
1186
1
70
0
1
52
30
2171
1
2036
0
0
1
1
672
7
0
1122
0
1346
1236
369
233
909
2077
0
0
0
1868
425
123
0
3
2355
0
0
0
2653
729
1219
0
1639
0
29
0
1749
0
1397
1
0
0
2355
403
1150
0
1486
0
823
2331
0
7
1749
0
619
403
0
2092
820
0
0
595
413
830
0
0
0
700
1276
1749
574
1
434
639
0
0
135
625
0
0
0
0
1836
964
0
0
1449
213
1
0
2808
0
0
282
1506
1346
0
0
164
1
0
2296
0
0
2063
145
0
2620
1646
0
2715
0
3
1925
2378
0
2
816
69
306
0
1
507
2
0
0
0
0
0
2009
2047
568
1336
484
0
237
513
403
0
0
29
282
1511
2
0
94
592
3
619
1
2454
1749
0
0
1
1329
1571
2
0
3
860
1
1
0
1931
3
1037
0
0
2483
947
0
537
1
889
795
0
1764
151
315
0
1
233
0
403
0
557
0
1
0
199
1
0
0
0
307
1
0
0
2720
1
0
192
0
0
979
2424
0
1114
1
0
299
1
0
413
537
145
568
0
0
0
3
1
0
1309
1457
0
1827
1037
0
1114
1
0
1572
1186
1186
0
1
0
2326
2538
619
831
0
1
860
0
0
804
0
7
0
1453
484
1
0
933
2326
123
484
1
0
1
1066
437
0
0
639
0
1346
1
70
0
0
3
0
2
1925
0
0
0
1
1
0
1397
1782
29
1880
0
3
233
1
0
0
0
0
779
1309
0
0
2
48
889
2
0
1
2544
1
242
1
0
419
0
1970
1
0
519
1
860
1037
1762
29
700
0
0
1397
0
297
643
0
0
1
0
0
0
6
1
0
0
0
0
327
1925
0
2
0
0
889
282
0
1478
1538
0
1
108
403
0
1080
0
0
0
1749
0
2622
1836
1
1478
0
0
0
2
214
519
700
0
3
74
0
0
1
1337
0
0
2
0
0
568
1799
282
0
2047
1749
1450
195
0
338
0
0
1186
1
2
1
1258
0
1
403
1334
0
2133
0
1719
369
0
0
0
0
1592
0
2225
1037
990
1
146
0
0
1
0
389
0
1058
0
0
1
700
1
0
754
0
816
971
413
0
564
0
934
7
257
526
0
403
0
0
645
145
980
2
282
1
1
0
1
1
1309
0
0
0
757
0
0
168
0
979
0
1
0
282
0
2188
1433
0
1
135
2
304
0
1
3
0
0
0
0
1719
0
0
7
0
0
1
0
1844
979
0
0
0
639
3
1506
2437
2961
2
29
0
369
3
0
501
0
2
0
75
1698
501
458
0
0
866
403
2
0
1186
338
2207
947
4
0
779
0
784
1037
2286
369
1
0
0
0
0
1422
0
1592
192
0
1836
1069
282
960
0
0
1200
0
1640
1719
213
1334
0
960
2009
1114
0
889
2
0
3
0
1894
1
1762
67
1
2
0
123
779
0
0
0
1058
297
2
1158
0
1749
2072
1356
0
0
0
0
0
1
0
899
0
60
1655
0
1
592
0
327
4
305
1158
0
1
1778
2
282
779
1
0
290
0
0
0
0
0
2378
1
804
2521
0
0
1150
501
0
0
1195
3
192
889
0
1
0
1241
172
1335
0
735
0
960
0
1762
2551
1
1433
1
171
403
0
1770
0
61
2207
0
183
0
0
0
4
3
639
0
303
1
1
4
0
1037
1
0
1
1226
0
1928
213
1229
2152
967
1503
672
622
0
1
0
0
779
145
889
93
889
1457
434
1636
2
830
0
0
0
1791
0
0
0
0
0
860
1
0
1
0
1647
1114
1195
0
662
1037
108
1
2
0
0
2036
929
2330
627
1039
0
501
0
2015
843
1041
0
0
657
795
816
324
57
1
297
0
1925
2076
1073
0
622
29
0
899
1
484
501
1422
0
7
1
526
0
145
0
1749
1
0
700
0
0
2378
0
0
0
1309
1
0
0
1
0
0
989
0
1
0
369
1123
0
0
1592
0
1651
0
0
0
465
0
0
227
1
0
0
0
0
94
94
0
1
2036
1634
2
1698
0
0
0
557
830
0
1
0
0
0
453
0
0
282
646
0
1506
0
4
0
0
1632
0
243
0
519
183
48
1
537
1
0
0
1
0
58
2
0
1
0
1884
889
0
0
0
0
1486
1384
0
840
501
282
0
282
492
123
2207
453
1925
0
1
619
1276
0
3
1358
0
1606
0
1186
1
1
1366
0
0
0
1
639
0
1704
2
557
0
0
0
0
0
1827
5
0
1698
1
0
1449
0
29
0
1488
538
0
57
0
1263
1122
404
0
0
0
0
1159
639
0
108
458
0
519
1642
1
795
934
0
0
947
0
0
0
2777
1
2
0
1
0
0
0
1309
0
484
0
453
1606
0
0
485
0
0
2741
1
0
0
1411
192
0
0
0
1
484
1
48
2
1749
0
1114
1309
0
0
0
0
2526
0
1
403
0
567
2740
1571
0
672
1
0
0
0
1820
0
1538
2286
338
146
0
519
0
1
1150
0
3
0
73
3
0
0
147
135
0
183
1987
213
2101
2448
195
0
403
816
485
2
0
2
0
0
0
403
0
804
1309
1
1122
715
1749
2780
1422
108
0
0
700
0
0
0
1
145
0
0
0
0
0
0
0
1637
403
1478
1241
0
0
0
2286
0
3
0
0
0
1984
1309
0
1241
2519
3
965
1
93
4
0
0
1070
0
2
1059
0
1881
0
861
1
4
0
0
1397
1524
0
519
804
606
1
135
0
1005
123
1984
312
1039
233
1762
1195
1
592
0
0
1186
1398
0
145
2
0
29
0
0
830
0
0
1449
0
0
754
2212
1
31
255
1397
3
97
0
735
1368
0
0
866
889
706
0
0
404
889
297
0
0
2
0
0
282
0
0
1
1
0
29
1397
1
592
0
1158
0
123
1041
700
0
1380
2
0
0
1
0
661
2
0
0
0
0
0
1698
1
0
3
0
0
0
1
4
0
0
1698
1
369
0
369
2107
639
1749
0
1836
1433
1
2403
0
1
1
0
2617
1
0
2355
735
1719
1
0
933
93
1478
213
1
403
0
0
1
0
0
183
0
1
77
989
0
1449
2105
1
0
0
0
0
0
0
1150
0
0
1117
2617
1516
183
0
403
0
403
0
2
0
1
1
2763
889
145
1346
0
1
0
672
1868
960
0
0
0
0
1
0
0
657
1449
1368
0
909
3
0
1
0
1
1203
0
674
1
0
2
2
484
0
2
1698
1538
1
256
1
0
1
2
0
0
0
0
0
93
1186
403
0
192
672
0
1855
1
0
2170
183
1
639
30
1894
52
757
3
0
2231
1843
0
282
2902
700
0
1
233
0
1087
0
0
0
403
1150
3
324
0
3
2424
171
48
1
0
0
0
419
0
1
0
0
369
920
369
2113
0
963
0
0
795
700
0
1114
1347
0
227
0
2036
1080
0
0
2
657
1114
0
1
491
369
0
0
1449
0
168
1
619
735
1465
557
2
257
135
0
0
0
2286
0
1486
453
935
369
2448
0
1749
0
1321
0
1
0
1158
0
453
0
0
485
1329
1082
453
619
3
0
1762
2012
519
2207
0
0
484
1309
0
0
0
484
0
332
0
2666
1975
889
1
0
1464
0
0
0
0
779
607
0
1592
0
5
557
0
0
145
0
403
237
0
0
1494
2590
0
0
303
0
538
2112
0
0
1503
0
0
672
0
282
0
0
0
324
29
854
2617
4
434
0
1926
2112
403
0
2
0
779
403
0
57
0
2063
0
501
947
1
337
194
0
5
1058
0
1836
0
0
2188
3
700
0
1039
3
0
57
1
1
2036
2
0
989
736
0
0
1
1
0
0
1449
980
0
795
1862
1925
0
183
338
0
672
0
0
619
29
0
0
0
0
1868
2
0
1211
0
73
0
0
0
0
459
619
0
0
501
1621
434
0
484
1
2171
0
0
1
0
4
1186
971
1114
1838
864
1
0
900
297
2750
0
0
0
0
0
0
1
1
213
624
1791
920
1465
1114
557
3
1
484
255
700
0
804
31
1925
1
0
2
1
1277
2
291
0
1151
1843
0
1
404
298
5
0
1
0
1256
0
1422
1152
0
1698
0
2
0
0
1114
0
564
0
1037
606
338
1
1346
0
3
1
0
4
0
1
1
0
1
1520
164
784
0
0
0
0
0
1
1
1980
2521
0
216
1150
291
0
2110
0
1
2133
2261
519
0
0
2
0
0
0
1
1329
1384
1837
2378
0
2661
282
3
0
1592
1
2
1
0
830
2
164
0
1
282
0
1770
0
97
135
1850
2824
1592
0
0
0
0
29
1
0
0
0
0
0
700
0
1058
619
1
0
93
0
1
0
0
5
1
137
484
323
700
1241
2519
501
230
0
3
0
0
937
1
0
77
1114
1704
403
2
1037
1
0
0
643
0
123
700
1150
0
2
0
0
1
0
1
403
255
0
0
0
1334
1114
282
1987
1
0
282
1
1069
0
2644
282
0
754
715
1329
2213
1
672
0
0
369
419
619
1058
151
1
324
1931
537
830
1
2427
2490
0
0
0
0
3
0
0
0
151
0
639
0
2
73
1186
1
0
1037
0
1
0
1
434
0
108
0
701
1
1195
1
2286
0
0
2378
899
460
0
1592
0
971
2
1572
0
0
1309
717
1
0
290
0
507
0
1150
2
1083
0
0
227
1
0
2112
0
0
0
0
0
0
2156
0
227
0
1
1
168
1894
2355
437
0
3
123
0
48
0
2
403
0
2
754
729
73
71
2490
0
0
1
1
0
0
2221
0
0
1
0
1
0
0
0
93
2
573
0
1
2424
0
0
183
0
0
1397
1925
0
2
1592
2551
4
404
484
0
0
0
1742
0
0
0
2
1037
213
1124
1
0
0
1
0
0
1
369
228
323
0
0
1925
29
2361
592
1
1
1203
2047
5
0
0
0
557
1309
1
3
0
0
2188
1
3
164
639
1
0
0
606
93
1
816
1
324
48
4
2168
0
1
145
3
1037
1571
0
0
164
2
0
183
2669
1
0
833
1538
1
30
1309
0
1186
0
0
0
0
369
979
4
0
0
1
0
0
337
403
93
1058
1
1
526
29
1572
0
1
851
1
1422
581
1150
1749
0
0
1
0
0
0
592
2012
1457
1
1
123
0
0
0
1576
0
779
2
0
0
403
1
0
960
2
2644
1749
282
0
0
889
0
0
2
0
1928
93
0
413
0
0
537
1
2
1486
0
501
2720
1538
2
1
2133
1
0
1
519
0
0
2
0
0
0
1
0
0
0
0
213
1186
1200
1868
860
0
0
3
2
4
0
2
0
312
1542
1749
1
0
889
841
0
619
1451
1507
2
227
282
1
1791
1270
52
0
29
1200
1434
303
960
0
168
0
0
1
0
0
151
315
0
0
2063
1749
0
2362
2
1
0
537
2
0
0
2063
971
0
0
1855
0
0
2
0
1
1309
1
0
0
1749
48
0
0
1
1
0
1
248
0
0
0
1151
194
0
0
3
403
1058
0
989
920
0
0
563
2207
619
2
992
0
0
0
1379
2590
312
0
1356
1087
0
619
484
0
0
0
192
1
989
1114
1275
1041
0
1
227
0
2
48
2286
899
2
0
1
1
0
1845
1
0
0
1
1
1219
0
0
1309
1836
1
606
2483
0
1
2093
889
0
0
1150
1116
1
0
1
484
1
0
1
606
606
1
2391
403
260
3
2152
1037
248
0
1
1
1649
2794
0
3
1005
0
0
403
1859
0
2
0
123
2
0
1
1956
820
0
1
0
2024
108
619
135
0
1037
453
0
0
0
0
0
0
1
1
0
1150
3
0
1749
0
1422
1516
2231
1150
1925
0
1
0
0
501
0
0
779
229
1450
283
0
920
7
0
123
485
619
1150
1005
1
108
2
2141
0
960
1
1255
1
29
971
2261
0
0
0
1
0
1592
0
5
1478
804
2483
2
0
1
1592
0
0
0
0
0
0
0
1478
2188
0
1
0
1
298
1698
2
3
1813
93
0
3
2453
369
1698
0
0
0
0
0
0
0
0
1813
0
0
0
0
1037
1956
0
2483
2207
2
1058
2168
563
0
0
0
0
1058
1
1
2
0
0
0
93
657
0
123
0
592
0
0
1119
854
1
0
0
3
0
0
979
558
0
1158
1081
1478
796
1
227
1
0
213
0
0
0
0
0
2
0
0
1
215
760
0
0
0
0
0
2055
0
657
491
1538
0
1721
135
1791
0
1
29
60
0
282
1
779
123
0
1
0
135
136
0
1
0
0
0
0
0
0
484
2
989
592
183
1
0
199
369
0
31
2
2055
0
0
419
2231
1384
2437
0
0
437
0
0
779
404
369
1366
2207
0
1
0
1925
1
216
0
1698
1
830
0
1263
0
1337
168
1667
229
1719
2765
0
1
0
754
3
0
2072
0
1449
213
0
754
0
164
0
0
192
1894
909
920
0
0
0
804
1
1
1
947
619
0
979
1406
227
2
7
0
227
0
937
0
282
2
920
537
725
700
0
851
199
1
1219
0
0
0
0
0
0
0
1241
0
0
229
168
255
1226
1762
1963
1698
1698
1
403
0
1258
643
183
1622
0
0
0
2
0
1
1
0
889
700
830
465
1346
889
1
0
0
1422
592
0
0
71
0
0
1005
1
0
0
1
729
0
1
0
0
0
0
1255
1
2
282
0
0
1114
1478
557
1
183
2188
1
0
1
3
0
3
0
2133
0
0
1
3
3
1255
0
0
5
282
0
1150
73
1653
369
0
151
0
2
0
1607
0
1
963
1928
0
740
0
0
1
1219
0
2
0
30
0
369
1
0
1
0
0
2188
1334
0
2368
77
643
0
2378
0
29
1037
816
1931
29
0
1
194
1543
0
2170
0
233
1188
282
1
1
0
1666
643
123
1
1621
297
324
0
2
422
1
0
1
1
1058
282
0
2024
0
1356
419
0
404
1698
2
0
0
0
1
307
1
2387
0
1486
123
0
0
0
0
0
0
3
1
1
557
1807
2
0
1309
1
0
0
0
929
1190
2
1
0
29
453
0
1
0
1
4
152
0
2152
1186
657
2378
0
1360
1309
607
2
0
136
0
947
1375
501
164
1928
948
779
0
1
0
735
0
0
0
183
820
0
413
303
1
0
1
0
183
1792
0
0
1880
0
0
1
1366
0
0
0
735
0
0
1
662
1
0
0
50
1552
0
1538
2
0
0
0
0
0
1
0
403
369
718
1571
1
1850
1791
0
0
1
0
0
2
0
29
2294
1
0
0
0
2294
971
1719
2808
1503
0
0
0
1
0
2248
1
2
0
369
0
1807
0
168
639
233
1894
1263
2439
0
2072
1625
1657
1263
255
1
0
0
537
0
0
1925
1
1
0
246
0
1186
0
0
558
1
0
1762
4
419
0
302
1
0
519
1195
0
0
0
0
0
0
2
0
995
0
65
0
1329
1
282
0
816
1069
94
146
0
1
0
1749
3
369
1080
1621
0
0
282
0
1384
0
909
0
0
282
0
0
1368
168
213
1
700
1161
453
0
1255
1
2207
1698
3
1411
779
0
297
0
1
453
657
0
1059
0
337
302
1
0
3
0
255
0
0
1321
1186
1366
0
1
282
1397
0
0
183
108
1
164
0
1880
0
563
0
0
1037
3
0
1571
0
0
0
0
1
0
1058
2286
0
889
722
889
369
0
0
1159
0
557
0
0
0
369
501
889
0
662
2
0
0
2
0
1925
2355
1488
557
1449
1
1449
236
0
0
1
0
1
403
2
1931
0
0
0
0
1397
0
0
526
0
1522
1
0
403
0
1275
0
0
290
0
1
1
764
0
1719
0
501
164
93
1
0
0
1
0
0
0
0
0
291
0
1524
0
2
0
2024
1749
0
2168
920
1
0
1
715
0
0
1571
369
465
0
0
1486
0
57
1195
0
0
920
1
1719
456
0
0
1211
0
1623
1087
0
700
3
662
1
1749
2231
0
2244
403
164
0
1698
557
0
1114
0
1
0
1
700
0
1
0
6
0
0
491
0
501
457
0
0
491
0
0
989
1749
484
484
1005
1928
0
963
639
1
0
0
1
889
1882
0
458
403
213
1058
369
0
0
0
0
0
0
1449
3
5
453
889
2220
606
1634
0
0
0
0
0
1114
282
2
1
0
0
1
2
1
1
2
558
1
1
1
0
0
369
851
0
0
215
837
1376
1
0
4
0
282
0
0
0
0
836
0
0
0
0
0
403
69
0
0
0
701
282
246
2
1
624
0
0
2822
0
0
0
0
453
7
1
0
282
65
1
0
0
0
3
1698
0
1309
3
1058
0
0
1
403
2
1771
0
0
0
1159
1
0
830
0
1346
340
1403
192
0
0
0
1186
0
456
1749
1925
0
1274
0
1764
2426
0
282
0
1
7
1807
624
0
0
216
2356
1188
29
0
0
0
1
889
1
0
2
1321
0
1
1
2
2559
1255
1
228
0
1150
889
843
837
0
1
0
0
2732
1
1114
2
1621
0
1
2
1309
242
48
0
0
1084
894
1
0
135
0
2
1
993
2
1894
69
0
0
1150
1114
2886
337
757
0
0
526
0
2
557
0
920
1
1
0
1
48
1233
940
0
0
2
0
1
1186
437
0
0
61
0
1
0
2009
0
0
0
1
1720
1449
1
97
369
0
0
1283
2541
947
4
0
0
0
1150
145
0
0
151
0
861
1571
282
843
0
0
2466
0
0
0
0
2368
0
213
420
0
57
332
0
0
1
0
1
71
557
1807
0
0
147
1
0
818
67
0
0
0
1080
0
0
1226
700
1858
2
0
248
2077
0
1
0
0
0
0
0
242
1606
1
0
227
0
526
0
566
1058
2
2146
672
0
199
1868
592
1
0
2231
0
0
700
1
818
1975
0
0
0
123
2286
1
0
0
0
0
1931
29
0
1
369
1552
592
0
3
0
889
861
0
227
992
0
290
0
564
851
0
1346
1698
1
0
1
1
1358
2
754
0
0
0
1334
0
0
0
2886
0
57
0
1
1277
0
1422
0
0
2
0
0
233
1
2
831
0
1
369
1925
0
283
0
1186
501
700
1186
1
963
108
1186
0
2
0
0
0
0
1
0
1
0
0
1037
2145
1269
3
0
0
0
1
58
0
2
1
0
2063
0
1
1
0
929
0
595
2590
0
1241
0
0
1397
0
0
0
1963
1956
255
1538
0
0
484
0
0
282
369
2009
3
1058
619
0
457
700
282
1195
2188
1346
1970
0
1928
894
1464
1411
1826
1646
606
0
1
1062
0
592
0
1
2
1592
1
0
0
0
1241
0
1309
1086
0
0
567
1
1571
1
1309
213
537
0
779
1753
1
0
1449
0
0
124
0
2
1719
1
0
1
227
0
0
0
3
0
1037
1987
135
0
1
645
297
0
0
1486
721
0
0
843
0
5
0
1
0
1507
0
0
860
1592
1347
0
1039
929
369
1
1397
804
123
0
0
0
1114
1478
0
0
0
1
735
227
434
1
484
0
1975
1062
1
2225
1749
0
1
0
2
0
403
0
2286
0
0
2
171
0
213
519
1186
0
0
0
0
61
0
729
0
0
1
0
1838
0
639
0
0
3
0
0
0
0
2115
0
1719
0
0
2
0
305
293
0
434
0
3
0
0
1524
1241
3
1762
0
1114
3
0
2055
0
899
0
1361
0
29
0
0
0
672
0
403
2
2355
0
0
48
2233
2
0
2168
2092
558
1
0
0
0
1
0
1449
2141
1219
0
1422
1360
0
1195
1
1150
31
0
1719
1
2
2
0
285
672
0
0
0
1263
61
0
0
0
1
501
0
909
1750
1309
1632
0
0
168
0
501
2
564
2299
2392
735
1321
1519
0
0
592
804
0
804
1037
0
151
2
0
2133
1
1506
2720
1273
1321
29
1925
0
1
1526
889
0
484
1
2055
0
0
312
0
3
0
0
457
29
0
0
989
0
1
0
7
0
0
0
0
0
0
5
2617
1066
537
0
0
2402
2
48
282
0
1621
2326
1925
0
0
0
1449
0
0
991
1843
0
701
0
1114
319
1621
282
437
0
0
0
0
0
0
1255
0
0
0
2024
0
1
0
971
1
0
0
0
0
1
1
0
453
0
0
3
0
0
1458
2
0
3
0
1
0
0
0
1777
0
1
1526
0
1277
909
0
0
639
0
909
456
606
0
1796
1749
1150
0
700
2331
0
836
1
995
1
0
0
934
282
1233
964
2
0
1321
0
93
0
0
48
707
1
213
0
0
0
1
729
2
2142
0
2188
1
0
0
1
0
0
0
183
622
4
701
323
0
0
1
627
0
0
1
0
821
323
492
0
0
1458
1
0
0
0
860
0
0
1762
0
0
1513
0
0
1770
0
0
29
0
0
1
1346
0
795
0
2427
1
0
816
1
0
338
0
0
0
0
1
1894
1186
721
1195
1782
963
282
1
1
0
0
2247
2483
1
1150
2
1356
0
1
1
0
1274
0
2
715
0
0
0
754
0
1538
993
860
1508
0
0
851
3
1975
0
0
0
0
1
306
413
2
456
639
93
1698
0
1791
0
0
1
0
0
0
0
284
0
0
183
0
0
1
2309
2
854
199
369
0
833
1
213
939
2326
2036
0
2
1
312
1
94
0
1449
0
1158
1503
4
227
2590
2
1200
0
622
0
213
735
557
1807
1
526
2188
1114
2
1
0
0
1
164
830
1
0
757
0
0
2688
557
0
484
0
0
860
0
889
0
0
0
369
0
0
1321
0
1821
0
2092
0
2368
578
0
2
228
0
0
1037
1
2590
0
1
1
1453
0
29
823
2072
1
0
0
1507
1836
3
960
1655
0
0
700
0
2072
0
0
0
0
1
0
1150
2286
0
1807
164
0
0
701
1478
0
501
0
1
1150
0
0
369
0
860
0
0
0
0
1
1
0
1080
1552
48
1698
0
2531
816
192
0
1379
0
1
1
804
94
1
0
324
0
1880
0
2389
0
0
369
1698
2675
60
1
1346
0
507
2286
80
0
0
1058
557
0
135
1606
2
0
0
0
968
369
0
0
2231
2477
1152
108
1397
312
2355
1
123
0
403
0
1
1
627
1
0
1698
69
0
0
0
369
0
1
863
0
1200
1
1190
1158
1
0
2231
5
1486
0
1541
830
1346
0
7
2
0
889
0
465
403
1
0
2104
1
0
1524
939
1928
290
0
0
2
283
760
960
1433
5
0
0
0
2
0
1
1836
606
573
0
501
369
0
1
1
0
2
1150
5
213
1114
1
700
0
0
0
0
0
1719
0
485
1698
1
0
700
0
657
0
93
0
0
0
0
2168
164
1205
1232
501
779
0
1309
1
0
1
1
465
0
0
0
1
0
1762
1
0
2104
0
1
29
0
2822
1
403
937
1935
2286
2024
2
565
0
1
3
0
1
0
1
2
0
484
283
0
0
0
0
0
0
1749
831
1
0
0
484
0
2
0
0
0
2
0
0
784
0
1321
29
172
0
2
0
557
2063
816
0
1
0
1397
0
519
889
2208
1
1
0
795
1
0
369
48
0
1538
213
1
0
1698
484
2
1
0
2174
0
0
1648
0
1
0
2
0
0
0
164
0
1521
0
7
0
0
57
1150
0
804
1200
4
484
0
213
715
0
0
836
2
1321
1
1698
2
672
312
2
123
0
0
0
538
989
413
2
1080
1
0
1698
1321
0
779
0
1719
0
0
1
1
297
817
0
0
0
1
0
1698
0
0
715
0
0
1
1621
0
1336
1
29
1
0
6
0
1503
0
2
1277
0
1
1987
0
1
1449
1073
183
0
701
1880
0
0
0
0
563
0
0
0
2036
1
0
920
2740
0
2208
1
0
2009
754
1
1
0
1058
456
0
0
0
2232
0
0
0
619
0
2
0
1255
1
2094
0
1
0
3
1851
1256
0
3
0
1116
0
0
519
1160
0
0
0
2362
0
1486
0
0
1037
0
0
453
0
403
0
0
2483
989
980
434
1037
0
0
123
2
0
700
0
860
0
0
0
1
1820
0
1
757
526
403
622
960
0
233
369
1925
0
2218
0
1058
1
1158
437
0
0
0
1083
0
340
1449
619
592
0
592
0
1434
0
213
29
0
1037
0
0
0
1
1058
0
0
0
485
1
5
2
453
0
0
227
796
718
0
1698
315
527
2009
1957
947
0
168
0
1
754
0
754
1
566
0
1
0
0
929
0
830
1912
2188
900
937
3
282
0
0
282
1
993
3
939
1
0
0
657
0
1114
255
0
0
0
1186
0
1449
0
213
0
1698
0
2
1
700
2
1433
233
0
48
0
0
0
164
0
0
979
1963
960
830
1356
0
50
1478
1309
1749
1698
0
1464
1478
0
1058
1434
282
0
0
0
1
0
0
0
795
929
123
754
0
2
0
5
0
592
145
0
1
2
2519
0
0
0
0
0
3
94
657
0
0
2817
4
164
0
1749
1
1649
0
1538
557
1
0
1453
1186
3
0
0
852
1116
403
2
123
1538
306
526
754
672
0
0
0
338
0
453
627
0
2152
1433
0
1321
0
0
0
0
2024
297
1
964
754
1037
1539
0
1
1
0
2
1037
1
1621
0
1151
1
0
1525
213
0
2
2
328
0
1329
557
0
1592
1
1058
0
1080
0
1358
0
557
0
0
706
1
3
403
0
0
1
0
213
491
0
0
2133
1
213
0
369
0
1
2092
2454
1114
0
754
0
1606
1422
0
1273
816
1956
123
0
1698
1862
0
1449
0
721
0
657
484
0
1
0
1
754
0
0
293
1
537
485
0
164
979
1
1632
0
0
672
1366
1836
77
1
0
0
0
29
0
0
0
0
0
403
0
485
851
2
74
507
0
3
0
1
0
1518
0
2009
0
0
639
1
2696
804
1397
453
715
1639
0
0
0
1478
606
2357
0
1771
0
1820
2112
2510
1
0
0
1763
123
0
0
0
2170
0
0
755
1975
595
0
564
1
0
677
227
0
4
0
227
1
894
145
3
0
0
0
2232
328
93
0
1
0
1
0
0
1321
1
979
1
784
1037
0
0
0
715
0
700
0
1241
369
889
816
1
0
0
0
7
318
0
1
2009
2076
213
1226
0
557
980
0
566
2
1037
0
7
1
1087
1749
0
0
0
0
567
403
0
0
0
1762
312
151
2244
0
0
1
0
0
2
1
1
0
0
0
1
0
0
0
0
1242
0
2501
1422
491
1451
1457
1813
0
0
2036
0
0
2
0
0
0
2
403
622
2309
0
2656
1
1069
0
147
619
297
0
0
1464
851
1
0
0
0
0
735
1
700
135
1749
0
0
0
327
0
0
0
3
0
369
0
1422
213
2
0
0
152
0
1
0
0
1
0
0
2
2886
2253
1
0
2386
0
1925
434
1
1
0
834
3
0
453
1
465
0
0
213
821
0
0
1592
1
0
1543
1698
830
0
31
1
413
1721
2617
453
920
0
0
0
0
1150
1
0
0
0
0
403
0
889
0
0
1827
860
1807
592
2
816
0
1606
989
1449
0
2
0
0
0
0
1119
0
3
0
1150
0
0
1150
519
0
0
0
1422
1
0
3
0
1
1
1
0
0
0
0
2024
0
434
0
1211
213
0
315
557
0
0
0
0
1255
2207
0
1422
569
1
1084
0
1698
0
1114
0
0
164
0
1
804
0
0
2055
557
1
0
0
2
1058
1
242
0
1698
1
830
0
1267
0
1
403
830
0
2437
453
0
0
2
0
0
1309
0
0
0
0
1241
1
0
29
2092
0
754
1
0
2
1
666
0
1592
0
0
283
0
1486
657
0
830
0
2
0
1
0
1433
1
0
1219
0
0
1
0
434
419
183
244
0
0
0
1229
0
1190
619
519
0
3
0
31
2
0
909
1521
920
989
108
1
1084
7
1850
0
0
1571
0
0
108
0
1956
3
0
1621
0
0
1350
0
1255
1
0
1
889
0
0
754
0
1799
0
0
866
0
1
29
1457
0
1397
2424
606
624
0
537
0
0
1
558
0
434
573
1
1850
2557
940
0
1
1087
0
1571
1241
1037
2
1329
0
164
1
0
0
0
108
0
1
1
0
0
0
0
1
1
967
0
2424
0
563
0
0
1
1925
0
0
639
145
639
1201
563
2
2
0
563
2572
0
369
0
0
0
61
1
243
1
0
1625
1
403
123
0
438
1
1
889
0
1
754
2152
369
2244
164
889
0
0
0
0
3
0
5
1457
282
0
2485
0
0
1
700
0
627
0
816
2244
0
75
1
145
0
2
1621
2133
0
1195
1037
1186
1
607
929
1894
1150
0
1855
0
233
894
4
0
0
0
0
0
152
0
0
145
1
1
1449
2437
843
1571
1356
1538
1
147
0
0
48
1637
1
896
1058
1309
1
3
0
0
1925
1
739
568
0
967
1
0
920
1648
0
213
29
1
2729
1062
851
0
1
851
0
0
0
0
2207
282
0
4
213
0
501
0
0
581
491
0
1
0
889
1486
1
1791
1186
2101
1411
1925
93
1
2
1845
1
0
1621
0
3
434
2
865
0
2427
537
657
0
1433
0
1
1
0
722
1
0
1037
108
369
1
4
0
0
0
0
1087
854
1
1
2
0
5
0
0
1
1
1
657
29
507
1124
1236
0
1
0
0
0
0
715
2
1449
0
183
0
0
227
0
1
0
1358
1576
940
0
0
0
0
0
108
0
4
1
0
0
804
1813
1880
804
1762
1
1255
1
507
0
48
5
1037
1
3
1
0
1486
779
135
0
227
255
79
2644
0
1
299
0
0
0
0
1
0
2424
0
1524
1267
1450
282
123
0
1
465
0
1150
1
0
0
1087
2036
1
0
1698
0
1
0
0
0
0
1
0
0
0
804
1186
0
6
501
581
1
757
1
0
1
2541
0
0
1227
1
0
929
0
61
2400
0
557
0
0
337
1
795
639
0
0
0
596
1634
2
192
2
0
1
960
0
1449
1
0
0
164
0
1
2
565
672
3
0
1
31
754
0
1494
233
1236
862
0
1
1855
2361
1
0
947
0
0
1309
0
0
1150
0
0
2247
1813
1384
779
0
3
537
1
735
0
557
0
677
0
1119
1777
1606
0
1762
0
145
960
29
0
574
404
3
0
403
0
453
453
73
2466
2263
2483
0
0
0
1791
1451
0
779
0
0
1
503
0
3
0
899
2133
2
3
1
909
0
75
796
0
48
1
2047
2295
1
519
0
1158
0
1037
754
244
1749
1666
0
227
0
484
934
0
484
1384
0
1
0
0
0
312
1219
2
1
2380
0
1750
0
2
1
369
0
0
5
369
0
1632
0
1
0
0
0
0
0
0
1114
29
0
0
369
0
108
0
0
0
48
1235
48
491
0
1
1150
1
0
0
0
1
0
592
1005
1719
137
1
0
0
1411
0
804
0
1824
0
1
0
284
0
1
0
1258
0
0
519
1762
0
2356
0
1
729
0
0
1309
947
1
403
1
2
0
0
135
851
1621
2024
48
1
0
466
164
0
0
1
0
0
427
0
168
1576
434
1
1
0
0
1255
0
0
1189
564
0
2
1571
1820
0
0
807
1
1894
282
0
0
0
1
933
2572
960
537
2441
0
1186
2188
989
1258
3
164
0
639
0
0
1397
0
2326
1
0
4
537
2
434
2793
0
282
0
2138
108
1552
0
413
0
1478
2569
0
0
0
199
0
0
0
0
1309
1
754
1621
1
735
0
0
1
899
1
0
2138
1374
0
0
0
0
0
5
1449
2
0
74
3
2092
0
1
0
1
1058
0
2009
0
865
0
1037
0
1791
0
0
1
0
2244
1150
0
1084
1
0
0
2
7
0
227
0
2
369
1334
2036
1039
0
0
492
0
2404
123
920
1255
657
0
0
0
0
657
0
1
0
578
1850
282
1358
0
1
255
404
0
1749
0
1
0
1478
0
0
0
0
145
30
484
960
0
1
0
93
0
0
4
1592
0
369
1
1791
706
0
369
0
108
779
1
1
0
1935
0
1
2326
312
1621
1
0
0
0
0
168
860
1037
592
0
413
4
1
1706
1114
0
2137
1
1
1
0
1
0
519
0
0
1
0
2009
1449
0
2173
1507
0
2
403
0
1606
0
1321
0
1152
795
57
0
1037
960
1
1422
0
1453
0
0
145
0
1255
2
491
0
501
666
0
0
1
456
2899
1763
0
1649
0
7
643
1753
0
989
0
971
0
29
1114
0
2426
0
1
0
1
282
65
73
0
1634
1457
920
0
29
0
1
0
0
860
0
754
0
1
2
2
1433
0
31
0
0
0
1486
0
135
1114
0
1
4
2369
0
3
0
0
1
2720
1
2519
315
0
1606
0
1309
1037
779
672
0
0
283
639
2092
1749
2
666
0
123
830
1
0
67
2
0
706
920
779
0
823
5
1813
0
4
0
0
563
821
645
0
1174
1894
0
1
1080
1770
1069
0
0
779
0
2
0
0
0
593
1039
0
318
369
624
830
657
2
0
0
754
1894
227
31
1464
1
1
0
1507
619
0
0
1
0
889
0
1233
7
1
0
1
0
0
229
0
1058
662
1956
123
1
213
0
0
285
0
4
0
0
0
1309
192
537
0
519
0
1229
0
0
0
1592
0
93
1507
2437
0
0
0
1150
3
0
0
1
1975
1778
1642
0
2906
1
2207
465
0
0
4
0
199
2092
1150
3
889
519
0
1219
818
0
58
29
453
0
1646
0
0
1150
297
0
960
0
1
1
1719
0
57
2063
282
557
1
0
108
2244
0
1
1762
1
0
0
453
484
0
948
0
0
795
484
795
1
757
643
2611
0
2072
0
1
0
526
1
1
1037
618
0
592
0
1
1
0
2
1219
1479
557
1037
2817
0
0
425
2355
0
557
889
2112
1749
2
537
2552
2093
0
0
1
437
1
2
0
1572
2225
0
2
1449
0
779
2072
0
0
0
236
1705
2
0
1
700
1
403
0
1150
563
1592
0
164
74
735
0
1
29
7
0
1572
0
0
0
0
0
1221
2
979
1150
1058
557
1186
1
1434
1
0
282
0
0
1490
2188
1
0
1226
0
0
0
1
453
403
0
0
403
920
0
0
2557
282
1
1
0
1195
0
2369
230
1150
283
0
0
1880
1255
715
1114
0
1
1037
2
1
0
1226
4
2
6
1855
0
0
657
889
0
1114
0
61
0
2777
0
1749
804
627
484
0
1
1
851
164
0
3
1516
0
0
1
0
0
1270
1321
0
742
0
1186
0
369
0
1
213
0
0
0
2
1
0
1114
1062
1
1749
0
0
0
701
1
0
0
2
183
0
0
0
639
0
507
4
1
0
0
0
1518
0
0
1
1
0
804
779
0
456
1
61
48
784
0
0
80
0
3
1433
0
960
1449
453
0
754
0
1
369
0
403
1538
0
0
403
168
0
1
1956
1
2630
779
1508
1399
804
0
1
0
0
606
1
0
1698
164
233
1478
0
403
3
0
889
0
1
0
0
0
581
0
0
1
1
123
968
1
0
0
0
282
1506
0
2137
1
0
1037
0
0
403
724
324
1749
0
0
0
1
369
1
0
0
2296
578
1309
1087
0
323
1506
0
1632
123
0
0
1836
3
0
760
1114
889
2
2009
0
0
6
0
282
0
0
2072
1
0
0
2808
0
1
172
0
135
0
0
1
244
0
0
2
0
0
48
2
1
0
0
2544
1
0
0
135
1
1975
0
1649
1242
1186
619
0
0
2485
0
1116
0
979
1
282
164
0
1346
0
337
1449
1
1
324
1158
0
1813
0
2216
0
2
2
0
1150
1070
0
0
2104
0
0
0
2252
2
2
0
2561
1
1277
1
199
1
1
817
503
1
0
0
0
0
0
2
1
2107
1
0
2092
2720
1925
2
1836
1649
1255
0
0
0
1
0
192
0
2483
2261
2677
0
2047
135
491
1621
0
2188
31
1
0
4
0
1
519
619
0
754
1114
779
0
0
501
434
1226
1
0
0
1080
0
0
369
759
1037
0
0
795
2
0
0
0
0
1850
1506
369
1
0
4
398
0
1478
1642
1
0
0
1
0
0
2541
48
0
48
0
1
1
0
1186
0
255
1
369
1539
1
0
2
860
1494
735
484
0
282
1478
136
1
889
213
639
841
0
213
851
0
0
93
1
1880
0
337
1449
403
0
0
0
1
315
0
0
0
1
993
0
0
0
0
0
282
2715
0
1
0
453
1
0
2096
0
0
860
1384
1486
0
0
1
29
0
1329
453
1880
1
606
0
646
1
592
0
0
338
0
639
0
1158
0
0
0
0
672
937
706
0
0
1521
0
2538
817
754
1
0
0
0
1
0
1150
643
61
183
0
168
0
0
282
0
1770
0
1150
0
1058
0
403
1698
1
0
0
2
2765
484
963
1
0
1
1478
0
0
657
1190
0
369
674
403
1058
0
0
1963
0
1397
960
0
0
1
0
0
0
1241
1
0
0
0
1309
0
2
929
0
889
0
754
1309
1
2133
29
0
77
1
0
0
403
1
1
1
701
1719
0
1698
2101
135
0
0
1
1
1433
0
2244
2024
0
0
1571
0
0
1777
453
0
0
1
1258
754
1
2286
0
0
404
2036
830
1195
0
1639
0
244
1
1981
3
0
0
434
0
466
1
1450
596
0
0
804
1770
0
0
0
1406
248
5
0
151
199
0
1
0
0
0
0
1
1186
1039
437
5
164
168
1
1
0
0
1272
2361
403
0
1309
0
2644
0
3
1
0
48
606
1277
0
0
369
0
419
527
0
0
0
1
0
4
403
0
0
0
0
1005
1368
0
0
1464
1150
572
1519
0
1880
0
0
934
0
0
1
1
0
1525
2
0
619
643
1
1
1064
1980
537
0
0
0
255
0
0
0
1
1
1058
0
592
3
0
0
1
1956
1114
61
255
592
1
297
199
0
93
255
152
0
1449
213
0
0
1
0
0
0
0
0
0
2
0
1
0
920
0
3
0
0
1
0
2
93
0
700
0
1571
1
1
700
619
1
3
0
29
1
51
1
1
0
1925
0
108
123
1
1114
4
2777
453
1
1638
123
1037
1749
1
1
0
0
1
0
2
0
369
403
0
1
0
501
2
1491
0
700
860
0
0
1
0
403
0
1114
299
0
0
419
0
403
2207
0
434
1970
1464
0
1309
0
48
0
557
537
1
0
0
0
5
0
0
369
1478
804
0
0
557
0
2
0
0
0
557
830
0
0
0
93
0
700
0
0
0
0
0
0
527
0
0
199
0
2
0
413
0
0
434
700
0
0
639
1655
1
0
369
2
419
164
403
0
1
0
1820
3
29
0
1571
0
0
434
568
2
2231
0
1488
0
135
29
1
0
1
1698
0
0
1
0
227
1
1571
0
1
0
1379
947
0
282
657
507
0
1719
0
0
1777
0
2168
672
255
0
0
0
0
626
715
2168
889
894
785
2
1698
0
0
1
1
1
565
1062
1775
1457
484
0
1
0
2
0
851
1
0
1507
0
0
164
816
0
1232
1
645
1
0
168
851
457
1957
0
759
0
0
1572
0
192
1411
0
0
1255
0
2669
413
989
337
0
340
4
0
2024
1309
0
1
1720
0
833
0
0
0
0
3
1
1397
1200
0
1807
1
332
1
1
0
0
1
2437
213
1
1041
834
1820
0
1277
0
0
0
3
1
0
1
369
2171
1820
1277
0
1
1062
1
1
841
1241
0
403
1820
725
324
0
0
0
0
3
229
0
297
2244
1621
1480
453
1
1397
403
0
0
1
2
2
889
1963
0
0
1
0
1
1114
282
403
0
0
1200
491
1
1851
0
1
0
1329
1449
2733
145
725
369
0
0
93
4
889
2557
557
227
3
0
0
0
1
0
0
0
2
1987
1698
672
0
1
0
0
0
0
0
1
2
2400
2
290
5
423
0
199
0
0
123
526
1478
0
0
0
1186
4
0
2
1062
1749
519
0
0
108
0
0
0
1
563
0
1
1698
1
3
1
830
0
1
1
0
5
67
2047
1
2244
1
0
1
619
1159
0
0
1
0
672
2114
0
3
1041
0
1762
889
0
1
1571
1
830
0
465
1309
369
0
0
319
0
1
3
0
895
1592
151
1851
0
0
2
0
1
0
2853
0
0
1
1621
69
0
0
0
48
1
1542
0
319
0
0
557
1
581
5
1037
0
1719
0
0
0
0
0
0
0
939
0
0
836
0
1
403
960
1749
1
700
929
369
1
0
4
0
0
1749
661
0
1037
2072
1309
1150
0
3
0
0
639
1037
484
403
1
1
4
1
1
199
0
0
403
1
3
1059
1356
0
0
0
1488
282
1422
0
0
0
948
1
1321
0
1309
0
0
29
830
29
0
229
1925
0
1649
0
403
0
0
0
2173
172
1
1
1309
2
0
0
0
227
935
213
625
0
0
403
1
1621
1186
1
1
108
2459
2047
4
3
557
0
1
168
1255
0
0
453
1186
1449
0
0
1
1
0
1188
0
0
0
0
0
0
1
1277
0
0
1186
0
1
0
0
135
1
282
1
0
836
403
0
1346
0
2
0
0
1650
1621
1
0
960
0
4
0
453
1607
2009
1
1
0
1
889
606
1
0
0
0
2763
1
0
1151
0
324
0
0
639
0
1309
75
0
0
1219
0
1422
136
1
0
1
2168
0
557
830
894
48
0
0
285
830
0
0
1334
338
0
0
0
527
0
0
0
403
0
491
0
1005
403
2
0
164
3
1749
1
0
1
282
0
0
1
29
0
0
330
0
1880
29
0
192
2794
2
403
0
0
1
0
1634
0
1255
0
1770
607
0
0
1636
0
0
2294
1241
0
0
302
1150
0
1158
0
0
1
3
0
948
413
1843
1
1150
1606
0
1956
1
0
0
0
403
0
3
369
0
1880
192
1
93
0
0
0
0
933
2295
2141
123
0
0
940
214
0
0
69
1
0
4
0
1
1
0
0
1592
1
1
0
0
0
0
0
0
557
0
563
0
0
1606
80
0
403
0
899
1868
1
1
2448
2
1
0
1
0
1478
0
2571
0
1
0
0
0
1449
606
0
312
282
1150
784
0
0
1
145
1
0
0
1150
0
0
1
1880
979
1
0
0
1606
0
0
1159
108
136
0
0
1384
1
0
1762
77
0
0
453
324
1
764
0
1
0
0
889
1
0
0
990
1080
2326
0
0
0
1114
1
592
0
0
0
1
213
1433
0
1855
1
0
1698
1
369
0
0
606
0
0
1925
0
1542
0
700
1457
817
2380
93
0
1791
0
123
0
1
168
1
227
194
1
889
0
860
0
939
0
0
0
0
557
93
236
0
137
0
1956
1925
0
0
0
0
0
851
0
1069
1571
0
565
282
1
1
0
146
0
0
0
619
0
0
0
0
2777
1
0
0
0
1
2133
0
0
0
2047
1
164
0
2
519
282
0
624
434
566
183
123
0
1
1255
0
0
0
290
403
0
0
0
257
0
1
192
606
0
484
1
657
1
0
0
403
0
1
0
754
3
1350
1384
0
0
0
563
1859
0
282
1538
93
2
3
0
304
0
0
1
230
453
315
0
606
0
1
860
183
1062
0
537
1
1
0
0
1
0
1592
1
403
1
0
0
0
123
0
0
0
1970
0
0
519
282
1
0
963
183
1
0
0
2956
3
1970
1464
0
168
1956
0
1
0
2378
0
1123
0
666
0
2294
0
1
0
1
0
3
1576
0
1
0
0
1698
1928
0
1346
192
93
526
0
1062
1
403
1538
1
151
0
0
0
255
337
213
0
1
69
1
0
0
1263
0
0
403
1
0
1
0
1277
1
0
403
1201
0
369
437
2
0
1122
1
338
0
434
979
0
1451
0
0
0
282
369
1
3
1
1
2
255
830
563
0
0
403
0
717
0
1
0
0
929
1796
830
0
0
0
1114
1507
0
0
1
1058
0
0
1
0
0
0
4
302
1
0
0
29
1
1
337
1
1
0
1
453
0
1
0
0
48
537
1571
0
0
0
920
0
1503
0
0
1623
1266
593
2557
1478
1
1
1422
0
0
0
675
2244
1
1571
2631
0
29
1
0
0
639
0
1
700
2
4
1
0
1037
0
1698
0
607
1041
0
738
0
1
0
0
1
3
0
526
0
0
2326
323
1622
0
29
0
0
0
0
0
0
1666
94
0
213
0
0
213
0
0
2424
2501
0
48
754
606
3
1
0
909
1
1221
1221
0
484
282
1422
319
2261
1
0
164
0
0
300
0
1
0
1592
1
1186
93
1
557
0
0
1
1
0
0
0
0
437
1538
29
0
979
0
248
0
0
1770
0
0
0
0
0
0
0
0
1453
0
1
1397
537
0
0
0
1
2557
3
0
0
1
1
0
194
1
3
0
1
135
123
413
0
2133
1069
2012
0
0
484
7
1
1334
282
2
0
0
1517
739
0
0
145
0
0
0
0
537
0
648
0
779
0
0
434
2
227
282
3
639
1
3
1813
0
0
0
0
3
0
1453
0
836
0
0
145
0
0
1114
285
0
1114
1150
0
971
0
4
0
0
1
1749
246
0
369
0
312
2156
1698
948
50
1
434
939
0
108
1
1
0
1059
0
1037
29
1791
1
5
0
0
1
2
1770
1925
2683
0
0
0
0
0
0
3
0
1
403
619
960
2483
0
0
889
2024
0
0
989
1150
0
0
735
0
1
0
369
754
0
1
0
0
0
93
369
0
2644
1
0
1552
1358
0
1
0
0
1374
0
0
0
2437
1186
1606
1
1
1
369
0
1
1487
93
0
0
0
557
909
1571
0
413
1321
74
1186
5
1
0
7
619
592
1
2
0
453
0
779
1
1336
0
0
2
282
0
1749
592
6
1880
1
2466
0
889
1
0
619
0
48
1309
183
0
0
0
0
1059
1698
0
929
0
2101
1956
2188
0
2
0
4
2
1
0
0
5
519
0
2
1309
1
1
0
1807
2261
526
0
779
0
2521
1
0
0
1356
0
1
484
0
0
0
889
0
2056
312
0
1449
2
0
2
0
643
2
1080
0
2133
0
0
0
1
1825
1384
1366
0
0
0
0
1925
124
298
0
233
979
947
557
1
1925
403
48
1
2
3
1379
0
1
1956
0
403
627
595
1
0
0
1508
0
0
0
785
592
3
1
1592
0
282
0
369
0
0
29
1925
0
413
674
0
0
0
2168
2
0
2
1
194
0
0
255
0
0
0
282
0
2231
282
147
993
0
1
1698
2093
1
0
823
0
0
1384
0
526
3
1698
1
1
2294
0
1
0
1479
124
0
0
0
1749
1
0
816
1750
0
0
1449
1
2244
1524
804
0
0
1255
1
0
1
0
0
0
330
5
1122
0
0
1
282
0
1572
0
1449
6
1
0
0
0
0
312
739
1
31
1
0
1
2483
2485
0
0
1255
369
0
0
1963
1321
213
1
77
0
0
0
61
1
1925
0
1062
0
1
1544
1503
0
0
1925
1571
2009
0
1422
2424
61
164
3
0
484
0
0
674
0
70
0
323
369
285
456
1775
0
93
0
0
0
0
0
2188
0
1506
0
1186
403
1
1
0
0
1346
398
243
213
369
1
0
1258
557
0
0
227
2036
0
1
0
1150
0
1161
0
0
2
736
48
0
2207
1
255
323
419
0
0
1233
0
0
2368
2453
779
1059
0
622
136
3
0
0
1375
1
0
2
1005
0
0
2
227
1309
1
0
0
0
0
2
0
779
0
0
403
0
123
2
0
2
3
1622
1956
0
0
0
1666
0
624
1083
369
0
0
1
1
0
1449
0
491
0
0
0
0
0
0
0
2
1775
1114
1037
657
2
1
0
1634
0
0
995
3
0
2220
0
2009
2400
1037
0
851
0
1
1706
0
1
619
1981
526
1397
123
2047
2207
2286
0
947
2
1
1
0
1080
0
0
1
0
1
639
779
1707
0
0
657
0
2207
0
0
0
1
1
0
0
0
1
0
0
0
1062
757
1123
29
1666
0
1975
1334
1821
1621
1037
920
0
0
0
0
0
0
2
0
1210
1464
700
2055
2
1
1401
1449
2
1
0
94
715
0
151
213
1762
0
836
183
1621
227
0
4
291
0
0
327
168
1384
0
0
0
992
639
909
2840
1
0
0
1928
2544
0
0
1
2
1
0
0
507
0
0
0
1384
0
1159
0
50
860
0
3
1082
0
0
0
677
3
963
1
0
1
0
1538
213
3
0
1321
2509
0
0
1
0
1
1
0
0
578
2207
420
1
1571
2
0
537
0
0
557
0
0
619
0
0
0
0
0
0
0
413
1277
0
1
0
0
312
0
1538
5
836
0
282
1
0
403
5
0
213
0
816
0
963
0
1
0
2644
1651
1
0
57
909
213
2212
213
0
0
1621
338
1
1
0
0
0
135
0
1621
290
5
0
0
1762
2925
0
0
0
0
843
183
369
0
0
0
754
369
1346
1880
0
1
0
1
779
0
1
1005
0
1221
0
816
0
1
1
967
1219
0
0
0
403
0
1632
0
0
2
0
1956
0
5
0
0
29
965
0
557
1807
0
147
606
2009
1116
0
0
1
1
0
457
700
1
1
1397
6
507
1
0
0
1647
661
1
2538
1
860
0
245
1058
0
1719
229
434
1931
0
0
0
0
0
2
123
909
0
0
0
0
2424
0
0
1479
1
0
0
0
0
484
0
2009
0
305
0
1
1422
1
1511
3
519
1
4
0
2168
369
1
700
0
1337
0
0
369
796
0
135
2357
2355
0
1337
1150
1
1124
0
1
1084
1480
1
0
0
1457
1
404
568
1321
0
0
0
338
0
1503
0
1820
0
795
1457
0
0
1449
0
1226
0
1277
1374
1186
1037
1
0
1
0
2490
836
108
557
909
0
0
1859
123
0
1698
0
93
592
2225
2
1486
1
1
1592
0
0
0
0
123
0
69
537
0
0
0
0
0
434
1
0
0
0
93
0
0
0
909
2
1719
0
1
3
0
0
0
1698
1
0
1571
2
403
889
123
1449
2562
0
1646
3
1
2115
606
1
151
0
183
0
889
213
0
1
0
2
2931
1
0
1059
2
639
0
1356
0
661
1070
1
0
369
0
1970
0
2355
1069
237
0
2174
456
0
1
700
236
0
0
2174
1433
1
0
1
3
0
0
299
0
199
0
1
123
465
0
920
1
0
0
123
0
1150
1
779
735
0
1782
0
369
168
0
0
1634
2
3
1
0
537
779
0
1
2
0
453
1229
0
1
0
0
1037
0
491
1
0
491
1337
324
0
889
282
0
1406
0
0
1478
0
0
5
0
324
1058
0
0
0
0
0
0
93
1813
1
3
0
1698
199
257
1
937
574
0
1368
0
0
1
1
0
164
57
0
0
0
519
1379
0
2
1114
2015
0
1037
0
0
57
1
0
3
0
578
1195
627
453
248
0
526
1203
2
0
0
0
0
1963
1636
0
779
194
437
1
1
75
4
967
1
519
707
0
135
0
1150
2
1762
0
1
1
2063
0
909
1775
537
519
1
0
0
2386
213
0
5
0
1
413
0
0
0
1
1449
1704
282
1186
833
1266
0
0
3
1
1
1632
2047
715
1380
0
0
0
3
1
1334
1
0
0
1
0
1255
0
1151
0
0
1
593
437
1
0
1005
1503
2
0
1749
2355
2286
2133
2368
0
1037
1925
1
0
307
0
0
1058
1256
1
403
31
164
1
199
0
1698
735
484
0
75
491
0
1346
0
661
0
50
293
1
0
2501
537
963
721
989
1
0
1
0
61
1
0
0
1
1770
1457
0
0
1
0
135
889
369
0
0
1037
256
1058
0
0
227
2
622
0
737
1
2
0
557
0
0
0
1450
1453
920
581
2362
1592
0
1
2
754
2
1
0
2630
1
1
1309
992
6
1
862
2
0
282
403
0
135
1150
2133
0
1571
0
4
151
0
245
1037
795
0
0
0
2
1
507
0
168
0
491
557
1
1646
2656
0
0
0
1
754
1
1087
0
183
2
453
0
0
2503
0
466
0
0
0
2569
0
0
979
1346
754
1963
0
1
0
754
3
866
0
0
29
0
1894
0
1
1
282
403
0
0
1
0
0
0
0
1
0
0
4
1037
0
0
0
3
1
0
3
0
0
3
938
0
0
0
419
29
1
0
1
1698
0
123
1538
1398
0
662
0
967
123
438
1
0
1749
0
0
0
1263
369
0
639
0
0
1059
1
0
282
1219
108
0
0
0
0
979
0
0
1
0
569
0
1379
0
1925
672
2483
0
1453
1646
135
1
0
0
1478
1150
315
1
657
1152
1
1122
0
1
0
1309
0
0
1114
0
795
1
0
2055
1
0
1542
1037
909
0
0
1
0
627
0
0
0
1
0
0
1464
228
0
0
557
537
0
0
889
0
2225
0
0
2
639
0
606
183
0
568
2
0
666
1114
0
1
1200
0
1
5
0
453
70
0
1150
0
0
0
0
213
2074
519
413
0
1150
1434
933
1255
0
889
93
2
0
1
0
0
0
0
0
1632
491
979
557
1037
0
1653
227
0
183
920
0
0
145
0
2286
151
1
0
0
2
2063
0
2504
1329
227
1309
0
0
0
1791
0
1005
0
2326
0
2437
754
2
0
484
1
324
1346
1
7
0
0
0
0
0
1158
0
0
1
0
3
1542
657
136
0
255
1037
0
484
1
672
1807
136
1
0
0
889
1
0
823
2
0
1
2207
740
657
77
722
1058
0
1770
0
2400
282
0
0
830
0
1592
0
0
0
0
1058
557
1
1
0
0
1
0
0
0
0
2
0
0
0
0
29
1
0
1
0
1374
437
1186
145
1366
0
1632
1
1
0
1005
1478
0
0
557
369
1
1346
1
484
2450
403
1422
1
0
0
1
0
1
2
227
453
894
1401
1
1
0
0
0
0
1186
989
989
0
0
0
0
0
0
2487
0
0
1358
282
0
1
0
282
816
1255
0
0
48
1
960
124
0
519
0
537
0
0
0
0
3
1552
0
0
0
0
1
0
1
1158
1219
0
0
108
2
213
625
989
0
1749
1321
1384
1397
0
216
0
282
1329
0
0
1380
1
0
0
0
1086
2024
1538
0
1
1433
889
145
369
0
0
1321
282
2
933
0
1
0
779
1
0
1
2
2699
700
0
0
960
2
0
2244
0
1956
453
1538
0
1517
0
0
0
1749
929
1
3
1005
2036
1158
619
0
0
1255
1058
0
1267
0
619
0
0
557
568
1634
3
754
80
1925
5
1
0
1
1
1277
0
0
1770
851
1
0
0
0
0
971
0
369
1397
0
0
0
2
1186
0
1719
1124
0
0
0
0
2
920
1450
1200
0
1
557
4
229
4
0
0
754
1203
557
0
216
403
0
2072
1114
1150
304
784
1114
0
1621
1513
0
1749
456
5
1
0
1
2437
0
1
1
0
1539
0
1227
2483
0
1
0
1
0
0
1
419
48
1150
0
284
537
619
1309
0
1592
1
2047
0
2
48
0
0
0
2732
2
1
0
1
0
2286
804
29
0
1
1
899
0
619
0
2156
1
537
0
0
0
29
0
889
1
2357
215
1
960
0
0
2
4
0
757
1159
145
1255
0
0
213
1592
1
0
1698
0
0
1
369
1
0
0
0
0
0
0
0
0
639
3
48
0
0
0
0
0
145
1
537
0
1186
0
0
0
338
0
0
0
369
0
0
0
754
4
0
453
0
0
453
1
230
2490
2
297
0
843
779
0
0
0
1
980
0
1606
29
290
0
0
1655
0
1516
0
1082
0
0
779
297
0
285
1433
168
1273
4
0
0
0
0
0
369
1
1
1
194
1880
1037
596
1411
4
1868
1
2765
0
282
1
0
419
0
0
0
0
2715
0
1186
369
0
0
168
1
369
0
3
2221
0
48
0
754
302
2740
1
0
1
1796
1152
501
0
0
1309
0
1
1
315
0
2
979
5
0
1
1478
0
592
0
403
67
2055
1791
2437
1813
3
557
0
1058
0
1422
213
0
0
0
1116
1
2437
0
1267
0
0
0
1
1037
492
0
0
2009
1350
0
330
1083
0
0
0
227
1
1
648
0
779
0
1041
1576
135
1
306
4
1
0
2231
1
0
0
1
0
735
0
0
0
0
2248
403
2
1123
0
2024
2
2
0
702
1
255
0
1
0
1
1
1964
0
1636
3
233
606
0
557
0
29
1037
0
537
0
1406
1880
0
0
735
0
0
1
557
135
0
0
0
863
0
1749
993
0
2157
0
2355
1
1
0
403
1186
297
2133
1059
1
323
619
1956
1
71
557
0
145
0
1762
0
0
0
3
0
1411
0
624
0
255
1
1119
0
0
0
0
939
1526
0
403
818
434
816
315
0
754
0
0
1374
2
282
1
643
0
0
0
0
1836
1749
1122
0
1843
947
0
1449
1200
0
282
29
1186
2036
0
0
1062
1
2466
0
0
1640
0
0
1
2715
1894
0
2509
338
1
989
2156
0
1855
0
0
1
0
1
779
2
0
0
1005
0
0
2
0
0
61
1
0
725
123
0
1449
0
0
0
0
0
0
183
0
0
2644
1
1762
1
816
434
920
1255
1114
0
0
413
804
889
93
2
1449
0
0
29
484
0
1058
860
0
1
1
0
0
0
1151
2326
145
0
2
2261
1
1
1749
0
1
1037
0
700
2055
0
0
0
721
0
0
1356
0
0
619
0
0
989
0
48
1698
1925
168
0
1542
0
864
0
2207
0
1
1813
0
779
403
1749
1150
1411
369
1
564
0
485
213
438
1
1
0
2642
1
0
899
1
1255
1
0
3
4
557
1186
1037
0
0
4
2073
0
0
29
0
437
1749
0
1201
0
1
0
0
0
0
1
501
0
979
4
0
1
1
0
1
1087
0
2763
0
3
0
0
0
0
657
1058
0
707
889
1188
0
0
0
0
0
0
1
501
491
0
0
284
79
1270
2104
485
1457
1576
2309
0
0
1058
0
1
484
1188
2074
1309
0
1451
338
236
2
1
0
369
639
369
639
0
2
0
0
1963
1
93
1
0
0
1200
0
0
0
283
0
537
627
1
979
0
1
0
4
0
0
3
403
337
192
1987
1
1503
0
29
1824
1975
0
2538
2
700
0
1150
557
0
1647
1956
2
1
135
0
1150
2424
2
1226
194
213
0
1434
627
948
145
282
0
4
2355
242
1360
2
807
2
1
0
0
0
213
0
0
1820
1
1
0
0
0
0
1762
256
559
1925
1
1
1241
403
1976
619
1
1232
1
1226
1058
0
0
1114
369
0
1
1
1749
1
1770
0
1
0
0
0
1
0
2173
1229
2047
0
2073
403
1480
1453
2
657
282
2659
0
1
0
0
1241
0
0
2145
1
0
123
889
0
700
2
0
369
2
0
0
0
1807
1329
1
403
920
627
0
0
0
123
227
0
0
403
1621
1
403
0
0
453
0
0
0
1356
0
48
757
860
0
164
1719
1255
2682
1925
0
135
1647
2424
0
0
0
0
74
0
0
0
318
0
2591
0
1150
0
700
0
2591
1813
0
0
0
0
1894
0
1
0
2
501
0
1
93
0
0
4
1037
0
0
2355
403
1433
0
1
0
0
0
0
0
492
236
0
1186
1625
0
136
1384
0
0
1
2
0
1422
1
0
1791
0
1571
0
0
0
0
0
0
1
1
0
0
0
0
0
0
4
7
1636
124
519
937
0
1970
282
596
290
1
818
192
1221
1
1
3
672
0
960
1
1705
0
0
1807
2
1258
1
2009
4
136
1987
1
2669
754
0
557
0
369
592
123
557
1
1
0
1361
0
0
48
0
2808
700
4
413
0
1
0
1956
1
0
61
1
1571
135
1411
937
192
592
413
2309
0
93
1
0
491
1150
0
1720
0
0
1334
0
1
0
1037
0
135
1114
1
0
2
453
1256
0
0
71
1422
0
2
4
0
0
0
0
1925
0
1450
889
297
1
0
0
0
1
706
453
0
1
1
0
754
1058
860
2133
0
0
0
0
2745
2225
255
0
369
1
0
1
0
2
2092
0
0
282
227
0
0
2519
1376
947
1464
236
0
0
2501
1366
0
1984
2326
834
0
851
1
1
1159
1571
2895
0
1
2225
1464
0
1
0
0
1360
1150
889
1
1
315
123
0
2
1
282
1037
0
2
369
0
0
1
1005
0
0
519
989
2207
0
0
369
307
1
2
1
1
0
804
0
282
312
369
0
0
0
213
0
0
0
1542
596
1
0
7
0
0
1
1
0
0
1
1538
236
606
0
6
1
2
1
0
1226
0
1
57
1
1
920
0
1
0
4
0
0
256
2424
1366
948
1
283
0
0
7
151
0
0
484
0
593
0
0
1
0
639
0
1791
0
1
1037
0
227
0
1398
0
0
48
675
0
285
135
0
0
619
0
0
1186
413
0
0
403
0
0
1
0
0
0
0
851
0
0
1
0
0
619
1762
0
199
453
0
3
1698
29
1
1486
742
1
578
74
0
337
2055
0
2
643
1
557
1
29
3
0
1
1
1
3
1
0
0
0
526
2544
0
0
1
0
1464
989
1449
0
989
2886
2
1374
0
1346
0
369
70
0
557
1114
0
947
0
1
0
1
3
369
1186
145
0
1
0
1232
0
519
0
285
889
199
61
1321
0
0
1
1538
1350
1449
0
0
1
1698
557
1538
519
0
1592
2
851
0
2
460
1698
0
0
1653
0
0
369
0
213
501
0
1775
0
2220
0
1
0
2
1422
0
0
1114
0
1058
725
93
1331
1
754
1150
0
0
48
1592
0
3
939
1422
1309
403
1356
960
830
1309
0
0
0
1
0
1
0
123
1186
0
1
2
0
1592
1069
123
5
5
0
2170
1309
0
0
1
369
0
0
0
0
0
0
1241
0
0
2644
0
1464
574
2326
1
1552
5
0
0
557
1219
0
2454
0
0
291
2009
866
1956
2009
854
796
0
0
0
0
0
1
0
1707
1
0
1
0
1
0
369
0
2452
0
145
1360
282
1309
3
1
1894
2
1925
192
1650
0
1503
1592
1160
0
0
1478
0
0
1433
1116
1511
1150
369
0
557
1058
0
1
484
568
3
227
0
0
1037
0
1
0
0
1114
606
0
0
1541
700
0
989
297
1
0
0
0
0
1379
0
1
2309
1069
466
1749
0
1544
0
0
816
2572
592
1
216
0
1843
0
0
1698
0
282
0
0
4
0
0
0
960
369
3
2
1
0
1
2253
1
1791
627
0
2101
298
700
0
1646
3
2063
0
1525
2693
1398
403
2036
1970
0
323
3
833
0
0
700
1623
1
0
403
0
183
3
1277
1422
0
0
619
557
1698
0
1791
1186
0
0
491
662
0
0
0
1
0
1
795
4
2
661
979
48
0
0
1
1256
0
1
0
2101
2168
0
1150
0
2
0
0
282
2
1524
0
1
2
0
864
1115
1
434
851
0
1123
0
0
1538
6
297
484
0
30
94
0
1
909
0
0
1
0
233
557
1433
2137
2840
0
0
1
0
2562
0
0
1
183
0
2133
1
557
0
1
0
0
0
754
0
1
0
1
3
0
2
1
0
4
183
453
672
0
0
